07-Dec-2019 16:33:22.343 INFO [main] org.apache.catalina.startup.VersionLoggerListener.log Server version name:   Apache Tomcat/9.0.27
07-Dec-2019 16:33:22.347 INFO [main] org.apache.catalina.startup.VersionLoggerListener.log Server built:          Oct 7 2019 09:57:22 UTC
07-Dec-2019 16:33:22.348 INFO [main] org.apache.catalina.startup.VersionLoggerListener.log Server version number: 9.0.27.0
07-Dec-2019 16:33:22.348 INFO [main] org.apache.catalina.startup.VersionLoggerListener.log OS Name:               Linux
07-Dec-2019 16:33:22.348 INFO [main] org.apache.catalina.startup.VersionLoggerListener.log OS Version:            4.4.0-18362-Microsoft
07-Dec-2019 16:33:22.348 INFO [main] org.apache.catalina.startup.VersionLoggerListener.log Architecture:          amd64
07-Dec-2019 16:33:22.349 INFO [main] org.apache.catalina.startup.VersionLoggerListener.log Java Home:             /usr/lib/jvm/java-8-openjdk-amd64/jre
07-Dec-2019 16:33:22.349 INFO [main] org.apache.catalina.startup.VersionLoggerListener.log JVM Version:           1.8.0_222-8u222-b10-1ubuntu1~16.04.1-b10
07-Dec-2019 16:33:22.349 INFO [main] org.apache.catalina.startup.VersionLoggerListener.log JVM Vendor:            Private Build
07-Dec-2019 16:33:22.350 INFO [main] org.apache.catalina.startup.VersionLoggerListener.log CATALINA_BASE:         /mnt/c/Users/Alexr/Google_Drive/College/Fall_2019/Data_Info/CS336Proj/apache-tomcat-9.0.27
07-Dec-2019 16:33:22.350 INFO [main] org.apache.catalina.startup.VersionLoggerListener.log CATALINA_HOME:         /mnt/c/Users/Alexr/Google_Drive/College/Fall_2019/Data_Info/CS336Proj/apache-tomcat-9.0.27
07-Dec-2019 16:33:22.368 INFO [main] org.apache.catalina.startup.VersionLoggerListener.log Command line argument: -Djava.util.logging.config.file=/mnt/c/Users/Alexr/Google_Drive/College/Fall_2019/Data_Info/CS336Proj/apache-tomcat-9.0.27/conf/logging.properties
07-Dec-2019 16:33:22.368 INFO [main] org.apache.catalina.startup.VersionLoggerListener.log Command line argument: -Djava.util.logging.manager=org.apache.juli.ClassLoaderLogManager
07-Dec-2019 16:33:22.368 INFO [main] org.apache.catalina.startup.VersionLoggerListener.log Command line argument: -Djdk.tls.ephemeralDHKeySize=2048
07-Dec-2019 16:33:22.368 INFO [main] org.apache.catalina.startup.VersionLoggerListener.log Command line argument: -Djava.protocol.handler.pkgs=org.apache.catalina.webresources
07-Dec-2019 16:33:22.368 INFO [main] org.apache.catalina.startup.VersionLoggerListener.log Command line argument: -Dorg.apache.catalina.security.SecurityListener.UMASK=0027
07-Dec-2019 16:33:22.369 INFO [main] org.apache.catalina.startup.VersionLoggerListener.log Command line argument: -Dignore.endorsed.dirs=
07-Dec-2019 16:33:22.369 INFO [main] org.apache.catalina.startup.VersionLoggerListener.log Command line argument: -Dcatalina.base=/mnt/c/Users/Alexr/Google_Drive/College/Fall_2019/Data_Info/CS336Proj/apache-tomcat-9.0.27
07-Dec-2019 16:33:22.369 INFO [main] org.apache.catalina.startup.VersionLoggerListener.log Command line argument: -Dcatalina.home=/mnt/c/Users/Alexr/Google_Drive/College/Fall_2019/Data_Info/CS336Proj/apache-tomcat-9.0.27
07-Dec-2019 16:33:22.369 INFO [main] org.apache.catalina.startup.VersionLoggerListener.log Command line argument: -Djava.io.tmpdir=/mnt/c/Users/Alexr/Google_Drive/College/Fall_2019/Data_Info/CS336Proj/apache-tomcat-9.0.27/temp
07-Dec-2019 16:33:22.370 INFO [main] org.apache.catalina.core.AprLifecycleListener.lifecycleEvent The APR based Apache Tomcat Native library which allows optimal performance in production environments was not found on the java.library.path: [/usr/java/packages/lib/amd64:/usr/lib/x86_64-linux-gnu/jni:/lib/x86_64-linux-gnu:/usr/lib/x86_64-linux-gnu:/usr/lib/jni:/lib:/usr/lib]
07-Dec-2019 16:33:23.118 INFO [main] org.apache.coyote.AbstractProtocol.init Initializing ProtocolHandler ["http-nio-8080"]
07-Dec-2019 16:33:23.182 INFO [main] org.apache.coyote.AbstractProtocol.init Initializing ProtocolHandler ["ajp-nio-8009"]
07-Dec-2019 16:33:23.197 INFO [main] org.apache.catalina.startup.Catalina.load Server initialization in [1,384] milliseconds
07-Dec-2019 16:33:23.334 INFO [main] org.apache.catalina.core.StandardService.startInternal Starting service [Catalina]
07-Dec-2019 16:33:23.334 INFO [main] org.apache.catalina.core.StandardEngine.startInternal Starting Servlet engine: [Apache Tomcat/9.0.27]
07-Dec-2019 16:33:23.356 INFO [main] org.apache.catalina.startup.HostConfig.deployDirectory Deploying web application directory [/mnt/c/Users/Alexr/Google_Drive/College/Fall_2019/Data_Info/CS336Proj/apache-tomcat-9.0.27/webapps/docs]
07-Dec-2019 16:33:24.120 INFO [main] org.apache.catalina.startup.HostConfig.deployDirectory Deployment of web application directory [/mnt/c/Users/Alexr/Google_Drive/College/Fall_2019/Data_Info/CS336Proj/apache-tomcat-9.0.27/webapps/docs] has finished in [764] ms
07-Dec-2019 16:33:24.122 INFO [main] org.apache.catalina.startup.HostConfig.deployDirectory Deploying web application directory [/mnt/c/Users/Alexr/Google_Drive/College/Fall_2019/Data_Info/CS336Proj/apache-tomcat-9.0.27/webapps/examples]
07-Dec-2019 16:33:25.556 INFO [main] org.apache.catalina.startup.HostConfig.deployDirectory Deployment of web application directory [/mnt/c/Users/Alexr/Google_Drive/College/Fall_2019/Data_Info/CS336Proj/apache-tomcat-9.0.27/webapps/examples] has finished in [1,434] ms
07-Dec-2019 16:33:25.557 INFO [main] org.apache.catalina.startup.HostConfig.deployDirectory Deploying web application directory [/mnt/c/Users/Alexr/Google_Drive/College/Fall_2019/Data_Info/CS336Proj/apache-tomcat-9.0.27/webapps/host-manager]
07-Dec-2019 16:33:25.660 INFO [main] org.apache.catalina.startup.HostConfig.deployDirectory Deployment of web application directory [/mnt/c/Users/Alexr/Google_Drive/College/Fall_2019/Data_Info/CS336Proj/apache-tomcat-9.0.27/webapps/host-manager] has finished in [103] ms
07-Dec-2019 16:33:25.661 INFO [main] org.apache.catalina.startup.HostConfig.deployDirectory Deploying web application directory [/mnt/c/Users/Alexr/Google_Drive/College/Fall_2019/Data_Info/CS336Proj/apache-tomcat-9.0.27/webapps/manager]
07-Dec-2019 16:33:25.770 INFO [main] org.apache.catalina.startup.HostConfig.deployDirectory Deployment of web application directory [/mnt/c/Users/Alexr/Google_Drive/College/Fall_2019/Data_Info/CS336Proj/apache-tomcat-9.0.27/webapps/manager] has finished in [109] ms
07-Dec-2019 16:33:25.771 INFO [main] org.apache.catalina.startup.HostConfig.deployDirectory Deploying web application directory [/mnt/c/Users/Alexr/Google_Drive/College/Fall_2019/Data_Info/CS336Proj/apache-tomcat-9.0.27/webapps/project]
07-Dec-2019 16:33:25.905 INFO [main] org.apache.catalina.startup.HostConfig.deployDirectory Deployment of web application directory [/mnt/c/Users/Alexr/Google_Drive/College/Fall_2019/Data_Info/CS336Proj/apache-tomcat-9.0.27/webapps/project] has finished in [134] ms
07-Dec-2019 16:33:25.906 INFO [main] org.apache.catalina.startup.HostConfig.deployDirectory Deploying web application directory [/mnt/c/Users/Alexr/Google_Drive/College/Fall_2019/Data_Info/CS336Proj/apache-tomcat-9.0.27/webapps/projectname]
07-Dec-2019 16:33:25.972 INFO [main] org.apache.catalina.startup.HostConfig.deployDirectory Deployment of web application directory [/mnt/c/Users/Alexr/Google_Drive/College/Fall_2019/Data_Info/CS336Proj/apache-tomcat-9.0.27/webapps/projectname] has finished in [66] ms
07-Dec-2019 16:33:25.973 INFO [main] org.apache.catalina.startup.HostConfig.deployDirectory Deploying web application directory [/mnt/c/Users/Alexr/Google_Drive/College/Fall_2019/Data_Info/CS336Proj/apache-tomcat-9.0.27/webapps/ROOT]
07-Dec-2019 16:33:26.039 INFO [main] org.apache.catalina.startup.HostConfig.deployDirectory Deployment of web application directory [/mnt/c/Users/Alexr/Google_Drive/College/Fall_2019/Data_Info/CS336Proj/apache-tomcat-9.0.27/webapps/ROOT] has finished in [66] ms
07-Dec-2019 16:33:26.051 INFO [main] org.apache.coyote.AbstractProtocol.start Starting ProtocolHandler ["http-nio-8080"]
07-Dec-2019 16:33:26.078 INFO [main] org.apache.coyote.AbstractProtocol.start Starting ProtocolHandler ["ajp-nio-8009"]
07-Dec-2019 16:33:26.086 INFO [main] org.apache.catalina.startup.Catalina.start Server startup in [2,888] milliseconds
07-Dec-2019 16:35:06.494 INFO [Catalina-utility-2] org.apache.catalina.startup.HostConfig.undeploy Undeploying context [/project]
07-Dec-2019 16:35:06.604 INFO [Catalina-utility-2] org.apache.catalina.startup.HostConfig.deployWAR Deploying web application archive [/mnt/c/Users/Alexr/Google_Drive/College/Fall_2019/Data_Info/CS336Proj/apache-tomcat-9.0.27/webapps/project.war]
07-Dec-2019 16:35:07.008 INFO [Catalina-utility-2] org.apache.catalina.startup.HostConfig.deployWAR Deployment of web application archive [/mnt/c/Users/Alexr/Google_Drive/College/Fall_2019/Data_Info/CS336Proj/apache-tomcat-9.0.27/webapps/project.war] has finished in [404] ms
07-Dec-2019 16:41:48.448 INFO [Catalina-utility-2] org.apache.catalina.startup.HostConfig.undeploy Undeploying context [/project]
07-Dec-2019 16:41:48.496 INFO [Catalina-utility-2] org.apache.catalina.startup.HostConfig.deployWAR Deploying web application archive [/mnt/c/Users/Alexr/Google_Drive/College/Fall_2019/Data_Info/CS336Proj/apache-tomcat-9.0.27/webapps/project.war]
07-Dec-2019 16:42:29.164 INFO [Catalina-utility-2] org.apache.catalina.startup.HostConfig.deployWAR Deployment of web application archive [/mnt/c/Users/Alexr/Google_Drive/College/Fall_2019/Data_Info/CS336Proj/apache-tomcat-9.0.27/webapps/project.war] has finished in [40,667] ms
07-Dec-2019 16:47:40.166 INFO [Catalina-utility-2] org.apache.catalina.startup.HostConfig.undeploy Undeploying context [/project]
07-Dec-2019 16:47:43.132 INFO [main] org.apache.catalina.startup.VersionLoggerListener.log Server version name:   Apache Tomcat/9.0.27
07-Dec-2019 16:47:43.138 INFO [main] org.apache.catalina.startup.VersionLoggerListener.log Server built:          Oct 7 2019 09:57:22 UTC
07-Dec-2019 16:47:43.138 INFO [main] org.apache.catalina.startup.VersionLoggerListener.log Server version number: 9.0.27.0
07-Dec-2019 16:47:43.138 INFO [main] org.apache.catalina.startup.VersionLoggerListener.log OS Name:               Linux
07-Dec-2019 16:47:43.139 INFO [main] org.apache.catalina.startup.VersionLoggerListener.log OS Version:            4.4.0-18362-Microsoft
07-Dec-2019 16:47:43.139 INFO [main] org.apache.catalina.startup.VersionLoggerListener.log Architecture:          amd64
07-Dec-2019 16:47:43.139 INFO [main] org.apache.catalina.startup.VersionLoggerListener.log Java Home:             /usr/lib/jvm/java-8-openjdk-amd64/jre
07-Dec-2019 16:47:43.139 INFO [main] org.apache.catalina.startup.VersionLoggerListener.log JVM Version:           1.8.0_222-8u222-b10-1ubuntu1~16.04.1-b10
07-Dec-2019 16:47:43.139 INFO [main] org.apache.catalina.startup.VersionLoggerListener.log JVM Vendor:            Private Build
07-Dec-2019 16:47:43.140 INFO [main] org.apache.catalina.startup.VersionLoggerListener.log CATALINA_BASE:         /mnt/c/Users/Alexr/Google_Drive/College/Fall_2019/Data_Info/CS336Proj/apache-tomcat-9.0.27
07-Dec-2019 16:47:43.140 INFO [main] org.apache.catalina.startup.VersionLoggerListener.log CATALINA_HOME:         /mnt/c/Users/Alexr/Google_Drive/College/Fall_2019/Data_Info/CS336Proj/apache-tomcat-9.0.27
07-Dec-2019 16:47:43.148 INFO [main] org.apache.catalina.startup.VersionLoggerListener.log Command line argument: -Djava.util.logging.config.file=/mnt/c/Users/Alexr/Google_Drive/College/Fall_2019/Data_Info/CS336Proj/apache-tomcat-9.0.27/conf/logging.properties
07-Dec-2019 16:47:43.150 INFO [main] org.apache.catalina.startup.VersionLoggerListener.log Command line argument: -Djava.util.logging.manager=org.apache.juli.ClassLoaderLogManager
07-Dec-2019 16:47:43.150 INFO [main] org.apache.catalina.startup.VersionLoggerListener.log Command line argument: -Djdk.tls.ephemeralDHKeySize=2048
07-Dec-2019 16:47:43.150 INFO [main] org.apache.catalina.startup.VersionLoggerListener.log Command line argument: -Djava.protocol.handler.pkgs=org.apache.catalina.webresources
07-Dec-2019 16:47:43.150 INFO [main] org.apache.catalina.startup.VersionLoggerListener.log Command line argument: -Dorg.apache.catalina.security.SecurityListener.UMASK=0027
07-Dec-2019 16:47:43.150 INFO [main] org.apache.catalina.startup.VersionLoggerListener.log Command line argument: -Dignore.endorsed.dirs=
07-Dec-2019 16:47:43.151 INFO [main] org.apache.catalina.startup.VersionLoggerListener.log Command line argument: -Dcatalina.base=/mnt/c/Users/Alexr/Google_Drive/College/Fall_2019/Data_Info/CS336Proj/apache-tomcat-9.0.27
07-Dec-2019 16:47:43.151 INFO [main] org.apache.catalina.startup.VersionLoggerListener.log Command line argument: -Dcatalina.home=/mnt/c/Users/Alexr/Google_Drive/College/Fall_2019/Data_Info/CS336Proj/apache-tomcat-9.0.27
07-Dec-2019 16:47:43.151 INFO [main] org.apache.catalina.startup.VersionLoggerListener.log Command line argument: -Djava.io.tmpdir=/mnt/c/Users/Alexr/Google_Drive/College/Fall_2019/Data_Info/CS336Proj/apache-tomcat-9.0.27/temp
07-Dec-2019 16:47:43.151 INFO [main] org.apache.catalina.core.AprLifecycleListener.lifecycleEvent The APR based Apache Tomcat Native library which allows optimal performance in production environments was not found on the java.library.path: [/usr/java/packages/lib/amd64:/usr/lib/x86_64-linux-gnu/jni:/lib/x86_64-linux-gnu:/usr/lib/x86_64-linux-gnu:/usr/lib/jni:/lib:/usr/lib]
07-Dec-2019 16:47:44.202 INFO [main] org.apache.coyote.AbstractProtocol.init Initializing ProtocolHandler ["http-nio-8080"]
07-Dec-2019 16:47:44.291 INFO [main] org.apache.coyote.AbstractProtocol.init Initializing ProtocolHandler ["ajp-nio-8009"]
07-Dec-2019 16:47:44.324 INFO [main] org.apache.catalina.startup.Catalina.load Server initialization in [1,882] milliseconds
07-Dec-2019 16:47:44.488 INFO [main] org.apache.catalina.core.StandardService.startInternal Starting service [Catalina]
07-Dec-2019 16:47:44.489 INFO [main] org.apache.catalina.core.StandardEngine.startInternal Starting Servlet engine: [Apache Tomcat/9.0.27]
07-Dec-2019 16:47:44.517 INFO [Catalina-utility-2] org.apache.catalina.startup.HostConfig.deployWAR Deploying web application archive [/mnt/c/Users/Alexr/Google_Drive/College/Fall_2019/Data_Info/CS336Proj/apache-tomcat-9.0.27/webapps/project.war]
07-Dec-2019 16:47:44.551 INFO [main] org.apache.catalina.startup.HostConfig.deployWAR Deploying web application archive [/mnt/c/Users/Alexr/Google_Drive/College/Fall_2019/Data_Info/CS336Proj/apache-tomcat-9.0.27/webapps/project.war]
07-Dec-2019 16:47:44.739 INFO [Catalina-utility-2] org.apache.catalina.startup.HostConfig.deployWAR Deployment of web application archive [/mnt/c/Users/Alexr/Google_Drive/College/Fall_2019/Data_Info/CS336Proj/apache-tomcat-9.0.27/webapps/project.war] has finished in [221] ms
07-Dec-2019 16:47:45.731 INFO [main] org.apache.catalina.startup.HostConfig.deployWAR Deployment of web application archive [/mnt/c/Users/Alexr/Google_Drive/College/Fall_2019/Data_Info/CS336Proj/apache-tomcat-9.0.27/webapps/project.war] has finished in [1,181] ms
07-Dec-2019 16:47:45.735 INFO [main] org.apache.catalina.startup.HostConfig.deployDirectory Deploying web application directory [/mnt/c/Users/Alexr/Google_Drive/College/Fall_2019/Data_Info/CS336Proj/apache-tomcat-9.0.27/webapps/docs]
07-Dec-2019 16:47:45.862 INFO [main] org.apache.catalina.startup.HostConfig.deployDirectory Deployment of web application directory [/mnt/c/Users/Alexr/Google_Drive/College/Fall_2019/Data_Info/CS336Proj/apache-tomcat-9.0.27/webapps/docs] has finished in [127] ms
07-Dec-2019 16:47:45.863 INFO [main] org.apache.catalina.startup.HostConfig.deployDirectory Deploying web application directory [/mnt/c/Users/Alexr/Google_Drive/College/Fall_2019/Data_Info/CS336Proj/apache-tomcat-9.0.27/webapps/examples]
07-Dec-2019 16:47:47.865 INFO [main] org.apache.catalina.startup.HostConfig.deployDirectory Deployment of web application directory [/mnt/c/Users/Alexr/Google_Drive/College/Fall_2019/Data_Info/CS336Proj/apache-tomcat-9.0.27/webapps/examples] has finished in [2,003] ms
07-Dec-2019 16:47:47.866 INFO [main] org.apache.catalina.startup.HostConfig.deployDirectory Deploying web application directory [/mnt/c/Users/Alexr/Google_Drive/College/Fall_2019/Data_Info/CS336Proj/apache-tomcat-9.0.27/webapps/host-manager]
07-Dec-2019 16:47:48.027 INFO [main] org.apache.catalina.startup.HostConfig.deployDirectory Deployment of web application directory [/mnt/c/Users/Alexr/Google_Drive/College/Fall_2019/Data_Info/CS336Proj/apache-tomcat-9.0.27/webapps/host-manager] has finished in [161] ms
07-Dec-2019 16:47:48.029 INFO [main] org.apache.catalina.startup.HostConfig.deployDirectory Deploying web application directory [/mnt/c/Users/Alexr/Google_Drive/College/Fall_2019/Data_Info/CS336Proj/apache-tomcat-9.0.27/webapps/manager]
07-Dec-2019 16:47:48.165 INFO [main] org.apache.catalina.startup.HostConfig.deployDirectory Deployment of web application directory [/mnt/c/Users/Alexr/Google_Drive/College/Fall_2019/Data_Info/CS336Proj/apache-tomcat-9.0.27/webapps/manager] has finished in [137] ms
07-Dec-2019 16:47:48.166 INFO [main] org.apache.catalina.startup.HostConfig.deployDirectory Deploying web application directory [/mnt/c/Users/Alexr/Google_Drive/College/Fall_2019/Data_Info/CS336Proj/apache-tomcat-9.0.27/webapps/projectname]
07-Dec-2019 16:47:48.266 INFO [main] org.apache.catalina.startup.HostConfig.deployDirectory Deployment of web application directory [/mnt/c/Users/Alexr/Google_Drive/College/Fall_2019/Data_Info/CS336Proj/apache-tomcat-9.0.27/webapps/projectname] has finished in [100] ms
07-Dec-2019 16:47:48.267 INFO [main] org.apache.catalina.startup.HostConfig.deployDirectory Deploying web application directory [/mnt/c/Users/Alexr/Google_Drive/College/Fall_2019/Data_Info/CS336Proj/apache-tomcat-9.0.27/webapps/ROOT]
07-Dec-2019 16:47:48.370 INFO [main] org.apache.catalina.startup.HostConfig.deployDirectory Deployment of web application directory [/mnt/c/Users/Alexr/Google_Drive/College/Fall_2019/Data_Info/CS336Proj/apache-tomcat-9.0.27/webapps/ROOT] has finished in [102] ms
07-Dec-2019 16:47:48.392 INFO [main] org.apache.coyote.AbstractProtocol.start Starting ProtocolHandler ["http-nio-8080"]
07-Dec-2019 16:47:48.423 INFO [main] org.apache.coyote.AbstractProtocol.start Starting ProtocolHandler ["ajp-nio-8009"]
07-Dec-2019 16:47:48.431 INFO [main] org.apache.catalina.startup.Catalina.start Server startup in [4,106] milliseconds
07-Dec-2019 16:49:43.393 INFO [main] org.apache.catalina.core.StandardServer.await A valid shutdown command was received via the shutdown port. Stopping the Server instance.
07-Dec-2019 16:49:43.394 INFO [main] org.apache.coyote.AbstractProtocol.pause Pausing ProtocolHandler ["http-nio-8080"]
07-Dec-2019 16:49:43.412 INFO [main] org.apache.coyote.AbstractProtocol.pause Pausing ProtocolHandler ["ajp-nio-8009"]
07-Dec-2019 16:49:43.422 INFO [main] org.apache.catalina.core.StandardService.stopInternal Stopping service [Catalina]
07-Dec-2019 16:49:43.476 INFO [main] org.apache.coyote.AbstractProtocol.stop Stopping ProtocolHandler ["http-nio-8080"]
07-Dec-2019 16:49:43.485 INFO [main] org.apache.coyote.AbstractProtocol.stop Stopping ProtocolHandler ["ajp-nio-8009"]
07-Dec-2019 16:49:43.489 INFO [main] org.apache.coyote.AbstractProtocol.destroy Destroying ProtocolHandler ["http-nio-8080"]
07-Dec-2019 16:49:43.490 INFO [main] org.apache.coyote.AbstractProtocol.destroy Destroying ProtocolHandler ["ajp-nio-8009"]
07-Dec-2019 16:49:53.090 INFO [main] org.apache.catalina.startup.VersionLoggerListener.log Server version name:   Apache Tomcat/9.0.27
07-Dec-2019 16:49:53.097 INFO [main] org.apache.catalina.startup.VersionLoggerListener.log Server built:          Oct 7 2019 09:57:22 UTC
07-Dec-2019 16:49:53.099 INFO [main] org.apache.catalina.startup.VersionLoggerListener.log Server version number: 9.0.27.0
07-Dec-2019 16:49:53.099 INFO [main] org.apache.catalina.startup.VersionLoggerListener.log OS Name:               Linux
07-Dec-2019 16:49:53.099 INFO [main] org.apache.catalina.startup.VersionLoggerListener.log OS Version:            4.4.0-18362-Microsoft
07-Dec-2019 16:49:53.100 INFO [main] org.apache.catalina.startup.VersionLoggerListener.log Architecture:          amd64
07-Dec-2019 16:49:53.100 INFO [main] org.apache.catalina.startup.VersionLoggerListener.log Java Home:             /usr/lib/jvm/java-8-openjdk-amd64/jre
07-Dec-2019 16:49:53.101 INFO [main] org.apache.catalina.startup.VersionLoggerListener.log JVM Version:           1.8.0_222-8u222-b10-1ubuntu1~16.04.1-b10
07-Dec-2019 16:49:53.101 INFO [main] org.apache.catalina.startup.VersionLoggerListener.log JVM Vendor:            Private Build
07-Dec-2019 16:49:53.101 INFO [main] org.apache.catalina.startup.VersionLoggerListener.log CATALINA_BASE:         /mnt/c/Users/Alexr/Google_Drive/College/Fall_2019/Data_Info/CS336Proj/apache-tomcat-9.0.27
07-Dec-2019 16:49:53.102 INFO [main] org.apache.catalina.startup.VersionLoggerListener.log CATALINA_HOME:         /mnt/c/Users/Alexr/Google_Drive/College/Fall_2019/Data_Info/CS336Proj/apache-tomcat-9.0.27
07-Dec-2019 16:49:53.107 INFO [main] org.apache.catalina.startup.VersionLoggerListener.log Command line argument: -Djava.util.logging.config.file=/mnt/c/Users/Alexr/Google_Drive/College/Fall_2019/Data_Info/CS336Proj/apache-tomcat-9.0.27/conf/logging.properties
07-Dec-2019 16:49:53.107 INFO [main] org.apache.catalina.startup.VersionLoggerListener.log Command line argument: -Djava.util.logging.manager=org.apache.juli.ClassLoaderLogManager
07-Dec-2019 16:49:53.107 INFO [main] org.apache.catalina.startup.VersionLoggerListener.log Command line argument: -Djdk.tls.ephemeralDHKeySize=2048
07-Dec-2019 16:49:53.107 INFO [main] org.apache.catalina.startup.VersionLoggerListener.log Command line argument: -Djava.protocol.handler.pkgs=org.apache.catalina.webresources
07-Dec-2019 16:49:53.107 INFO [main] org.apache.catalina.startup.VersionLoggerListener.log Command line argument: -Dorg.apache.catalina.security.SecurityListener.UMASK=0027
07-Dec-2019 16:49:53.108 INFO [main] org.apache.catalina.startup.VersionLoggerListener.log Command line argument: -Dignore.endorsed.dirs=
07-Dec-2019 16:49:53.108 INFO [main] org.apache.catalina.startup.VersionLoggerListener.log Command line argument: -Dcatalina.base=/mnt/c/Users/Alexr/Google_Drive/College/Fall_2019/Data_Info/CS336Proj/apache-tomcat-9.0.27
07-Dec-2019 16:49:53.108 INFO [main] org.apache.catalina.startup.VersionLoggerListener.log Command line argument: -Dcatalina.home=/mnt/c/Users/Alexr/Google_Drive/College/Fall_2019/Data_Info/CS336Proj/apache-tomcat-9.0.27
07-Dec-2019 16:49:53.108 INFO [main] org.apache.catalina.startup.VersionLoggerListener.log Command line argument: -Djava.io.tmpdir=/mnt/c/Users/Alexr/Google_Drive/College/Fall_2019/Data_Info/CS336Proj/apache-tomcat-9.0.27/temp
07-Dec-2019 16:49:53.108 INFO [main] org.apache.catalina.core.AprLifecycleListener.lifecycleEvent The APR based Apache Tomcat Native library which allows optimal performance in production environments was not found on the java.library.path: [/usr/java/packages/lib/amd64:/usr/lib/x86_64-linux-gnu/jni:/lib/x86_64-linux-gnu:/usr/lib/x86_64-linux-gnu:/usr/lib/jni:/lib:/usr/lib]
07-Dec-2019 16:49:54.151 INFO [main] org.apache.coyote.AbstractProtocol.init Initializing ProtocolHandler ["http-nio-8080"]
07-Dec-2019 16:49:54.269 INFO [main] org.apache.coyote.AbstractProtocol.init Initializing ProtocolHandler ["ajp-nio-8009"]
07-Dec-2019 16:49:54.280 INFO [main] org.apache.catalina.startup.Catalina.load Server initialization in [1,887] milliseconds
07-Dec-2019 16:49:54.405 INFO [main] org.apache.catalina.core.StandardService.startInternal Starting service [Catalina]
07-Dec-2019 16:49:54.405 INFO [main] org.apache.catalina.core.StandardEngine.startInternal Starting Servlet engine: [Apache Tomcat/9.0.27]
07-Dec-2019 16:49:54.452 INFO [main] org.apache.catalina.startup.HostConfig.deployWAR Deploying web application archive [/mnt/c/Users/Alexr/Google_Drive/College/Fall_2019/Data_Info/CS336Proj/apache-tomcat-9.0.27/webapps/project.war]
07-Dec-2019 16:49:54.536 INFO [main] org.apache.catalina.startup.ExpandWar.expand An expanded directory [/mnt/c/Users/Alexr/Google_Drive/College/Fall_2019/Data_Info/CS336Proj/apache-tomcat-9.0.27/webapps/project] was found with a last modified time that did not match the associated WAR. It will be deleted.
07-Dec-2019 16:49:55.644 INFO [main] org.apache.catalina.startup.HostConfig.deployWAR Deployment of web application archive [/mnt/c/Users/Alexr/Google_Drive/College/Fall_2019/Data_Info/CS336Proj/apache-tomcat-9.0.27/webapps/project.war] has finished in [1,192] ms
07-Dec-2019 16:49:55.646 INFO [main] org.apache.catalina.startup.HostConfig.deployDirectory Deploying web application directory [/mnt/c/Users/Alexr/Google_Drive/College/Fall_2019/Data_Info/CS336Proj/apache-tomcat-9.0.27/webapps/docs]
07-Dec-2019 16:49:55.794 INFO [main] org.apache.catalina.startup.HostConfig.deployDirectory Deployment of web application directory [/mnt/c/Users/Alexr/Google_Drive/College/Fall_2019/Data_Info/CS336Proj/apache-tomcat-9.0.27/webapps/docs] has finished in [147] ms
07-Dec-2019 16:49:55.795 INFO [main] org.apache.catalina.startup.HostConfig.deployDirectory Deploying web application directory [/mnt/c/Users/Alexr/Google_Drive/College/Fall_2019/Data_Info/CS336Proj/apache-tomcat-9.0.27/webapps/examples]
07-Dec-2019 16:49:55.987 INFO [main] org.apache.catalina.core.StandardServer.await A valid shutdown command was received via the shutdown port. Stopping the Server instance.
07-Dec-2019 16:49:55.988 INFO [main] org.apache.coyote.AbstractProtocol.pause Pausing ProtocolHandler ["http-nio-8080"]
07-Dec-2019 16:49:56.030 INFO [main] org.apache.coyote.AbstractProtocol.pause Pausing ProtocolHandler ["ajp-nio-8009"]
07-Dec-2019 16:49:56.040 INFO [main] org.apache.catalina.core.StandardService.stopInternal Stopping service [Catalina]
07-Dec-2019 16:49:56.123 INFO [main] org.apache.coyote.AbstractProtocol.stop Stopping ProtocolHandler ["http-nio-8080"]
07-Dec-2019 16:49:56.143 INFO [main] org.apache.coyote.AbstractProtocol.stop Stopping ProtocolHandler ["ajp-nio-8009"]
07-Dec-2019 16:49:56.189 INFO [main] org.apache.coyote.AbstractProtocol.destroy Destroying ProtocolHandler ["http-nio-8080"]
07-Dec-2019 16:49:56.190 INFO [main] org.apache.coyote.AbstractProtocol.destroy Destroying ProtocolHandler ["ajp-nio-8009"]
07-Dec-2019 16:49:57.625 INFO [main] org.apache.catalina.startup.HostConfig.deployDirectory Deployment of web application directory [/mnt/c/Users/Alexr/Google_Drive/College/Fall_2019/Data_Info/CS336Proj/apache-tomcat-9.0.27/webapps/examples] has finished in [1,830] ms
07-Dec-2019 16:49:57.626 INFO [main] org.apache.catalina.startup.HostConfig.deployDirectory Deploying web application directory [/mnt/c/Users/Alexr/Google_Drive/College/Fall_2019/Data_Info/CS336Proj/apache-tomcat-9.0.27/webapps/host-manager]
07-Dec-2019 16:49:57.732 INFO [main] org.apache.catalina.startup.HostConfig.deployDirectory Deployment of web application directory [/mnt/c/Users/Alexr/Google_Drive/College/Fall_2019/Data_Info/CS336Proj/apache-tomcat-9.0.27/webapps/host-manager] has finished in [105] ms
07-Dec-2019 16:49:57.732 INFO [main] org.apache.catalina.startup.HostConfig.deployDirectory Deploying web application directory [/mnt/c/Users/Alexr/Google_Drive/College/Fall_2019/Data_Info/CS336Proj/apache-tomcat-9.0.27/webapps/manager]
07-Dec-2019 16:49:57.836 INFO [main] org.apache.catalina.startup.HostConfig.deployDirectory Deployment of web application directory [/mnt/c/Users/Alexr/Google_Drive/College/Fall_2019/Data_Info/CS336Proj/apache-tomcat-9.0.27/webapps/manager] has finished in [103] ms
07-Dec-2019 16:49:57.838 INFO [main] org.apache.catalina.startup.HostConfig.deployDirectory Deploying web application directory [/mnt/c/Users/Alexr/Google_Drive/College/Fall_2019/Data_Info/CS336Proj/apache-tomcat-9.0.27/webapps/projectname]
07-Dec-2019 16:49:57.920 INFO [main] org.apache.catalina.startup.HostConfig.deployDirectory Deployment of web application directory [/mnt/c/Users/Alexr/Google_Drive/College/Fall_2019/Data_Info/CS336Proj/apache-tomcat-9.0.27/webapps/projectname] has finished in [82] ms
07-Dec-2019 16:49:57.921 INFO [main] org.apache.catalina.startup.HostConfig.deployDirectory Deploying web application directory [/mnt/c/Users/Alexr/Google_Drive/College/Fall_2019/Data_Info/CS336Proj/apache-tomcat-9.0.27/webapps/ROOT]
07-Dec-2019 16:49:58.004 INFO [main] org.apache.catalina.startup.HostConfig.deployDirectory Deployment of web application directory [/mnt/c/Users/Alexr/Google_Drive/College/Fall_2019/Data_Info/CS336Proj/apache-tomcat-9.0.27/webapps/ROOT] has finished in [84] ms
07-Dec-2019 16:49:58.015 INFO [main] org.apache.coyote.AbstractProtocol.start Starting ProtocolHandler ["http-nio-8080"]
07-Dec-2019 16:49:58.037 INFO [main] org.apache.coyote.AbstractProtocol.start Starting ProtocolHandler ["ajp-nio-8009"]
07-Dec-2019 16:49:58.043 INFO [main] org.apache.catalina.startup.Catalina.start Server startup in [3,762] milliseconds
