11-Dec-2019 00:08:13.202 INFO [main] org.apache.catalina.core.StandardServer.await A valid shutdown command was received via the shutdown port. Stopping the Server instance.
11-Dec-2019 00:08:13.203 INFO [main] org.apache.coyote.AbstractProtocol.pause Pausing ProtocolHandler ["http-nio-8080"]
11-Dec-2019 00:08:13.488 INFO [main] org.apache.coyote.AbstractProtocol.pause Pausing ProtocolHandler ["ajp-nio-8009"]
11-Dec-2019 00:08:13.687 INFO [main] org.apache.catalina.core.StandardService.stopInternal Stopping service [Catalina]
11-Dec-2019 00:08:13.718 INFO [main] org.apache.coyote.AbstractProtocol.stop Stopping ProtocolHandler ["http-nio-8080"]
11-Dec-2019 00:08:13.718 INFO [main] org.apache.coyote.AbstractProtocol.stop Stopping ProtocolHandler ["ajp-nio-8009"]
11-Dec-2019 00:08:13.733 INFO [main] org.apache.coyote.AbstractProtocol.destroy Destroying ProtocolHandler ["http-nio-8080"]
11-Dec-2019 00:08:13.733 INFO [main] org.apache.coyote.AbstractProtocol.destroy Destroying ProtocolHandler ["ajp-nio-8009"]
11-Dec-2019 00:08:38.581 INFO [main] org.apache.catalina.startup.VersionLoggerListener.log Server version name:   Apache Tomcat/9.0.27
11-Dec-2019 00:08:38.627 INFO [main] org.apache.catalina.startup.VersionLoggerListener.log Server built:          Oct 7 2019 09:57:22 UTC
11-Dec-2019 00:08:38.627 INFO [main] org.apache.catalina.startup.VersionLoggerListener.log Server version number: 9.0.27.0
11-Dec-2019 00:08:38.627 INFO [main] org.apache.catalina.startup.VersionLoggerListener.log OS Name:               Windows 10
11-Dec-2019 00:08:38.628 INFO [main] org.apache.catalina.startup.VersionLoggerListener.log OS Version:            10.0
11-Dec-2019 00:08:38.628 INFO [main] org.apache.catalina.startup.VersionLoggerListener.log Architecture:          amd64
11-Dec-2019 00:08:38.628 INFO [main] org.apache.catalina.startup.VersionLoggerListener.log Java Home:             C:\Program Files\Java\jre1.8.0_231
11-Dec-2019 00:08:38.628 INFO [main] org.apache.catalina.startup.VersionLoggerListener.log JVM Version:           1.8.0_231-b11
11-Dec-2019 00:08:38.628 INFO [main] org.apache.catalina.startup.VersionLoggerListener.log JVM Vendor:            Oracle Corporation
11-Dec-2019 00:08:38.628 INFO [main] org.apache.catalina.startup.VersionLoggerListener.log CATALINA_BASE:         C:\Users\sunny\Documents\RU_2019-20\Databases\project\CS336Proj\apache-tomcat-9.0.27
11-Dec-2019 00:08:38.629 INFO [main] org.apache.catalina.startup.VersionLoggerListener.log CATALINA_HOME:         C:\Users\sunny\Documents\RU_2019-20\Databases\project\CS336Proj\apache-tomcat-9.0.27
11-Dec-2019 00:08:38.691 INFO [main] org.apache.catalina.startup.VersionLoggerListener.log Command line argument: -Djava.util.logging.config.file=C:\Users\sunny\Documents\RU_2019-20\Databases\project\CS336Proj\apache-tomcat-9.0.27\conf\logging.properties
11-Dec-2019 00:08:38.692 INFO [main] org.apache.catalina.startup.VersionLoggerListener.log Command line argument: -Djava.util.logging.manager=org.apache.juli.ClassLoaderLogManager
11-Dec-2019 00:08:38.692 INFO [main] org.apache.catalina.startup.VersionLoggerListener.log Command line argument: -Djdk.tls.ephemeralDHKeySize=2048
11-Dec-2019 00:08:38.692 INFO [main] org.apache.catalina.startup.VersionLoggerListener.log Command line argument: -Djava.protocol.handler.pkgs=org.apache.catalina.webresources
11-Dec-2019 00:08:38.693 INFO [main] org.apache.catalina.startup.VersionLoggerListener.log Command line argument: -Dignore.endorsed.dirs=
11-Dec-2019 00:08:38.693 INFO [main] org.apache.catalina.startup.VersionLoggerListener.log Command line argument: -Dcatalina.base=C:\Users\sunny\Documents\RU_2019-20\Databases\project\CS336Proj\apache-tomcat-9.0.27
11-Dec-2019 00:08:38.694 INFO [main] org.apache.catalina.startup.VersionLoggerListener.log Command line argument: -Dcatalina.home=C:\Users\sunny\Documents\RU_2019-20\Databases\project\CS336Proj\apache-tomcat-9.0.27
11-Dec-2019 00:08:38.694 INFO [main] org.apache.catalina.startup.VersionLoggerListener.log Command line argument: -Djava.io.tmpdir=C:\Users\sunny\Documents\RU_2019-20\Databases\project\CS336Proj\apache-tomcat-9.0.27\temp
11-Dec-2019 00:08:38.696 INFO [main] org.apache.catalina.core.AprLifecycleListener.lifecycleEvent Loaded APR based Apache Tomcat Native library [1.2.23] using APR version [1.7.0].
11-Dec-2019 00:08:38.696 INFO [main] org.apache.catalina.core.AprLifecycleListener.lifecycleEvent APR capabilities: IPv6 [true], sendfile [true], accept filters [false], random [true].
11-Dec-2019 00:08:38.697 INFO [main] org.apache.catalina.core.AprLifecycleListener.lifecycleEvent APR/OpenSSL configuration: useAprConnector [false], useOpenSSL [true]
11-Dec-2019 00:08:38.704 INFO [main] org.apache.catalina.core.AprLifecycleListener.initializeSSL OpenSSL successfully initialized [OpenSSL 1.1.1c  28 May 2019]
11-Dec-2019 00:08:40.149 INFO [main] org.apache.coyote.AbstractProtocol.init Initializing ProtocolHandler ["http-nio-8080"]
11-Dec-2019 00:08:40.509 INFO [main] org.apache.coyote.AbstractProtocol.init Initializing ProtocolHandler ["ajp-nio-8009"]
11-Dec-2019 00:08:40.509 INFO [main] org.apache.catalina.startup.Catalina.load Server initialization in [3,538] milliseconds
11-Dec-2019 00:08:40.688 INFO [main] org.apache.catalina.core.StandardService.startInternal Starting service [Catalina]
11-Dec-2019 00:08:40.688 INFO [main] org.apache.catalina.core.StandardEngine.startInternal Starting Servlet engine: [Apache Tomcat/9.0.27]
11-Dec-2019 00:08:40.735 INFO [main] org.apache.catalina.startup.HostConfig.deployWAR Deploying web application archive [C:\Users\sunny\Documents\RU_2019-20\Databases\project\CS336Proj\apache-tomcat-9.0.27\webapps\project.war]
11-Dec-2019 00:08:40.798 INFO [main] org.apache.catalina.startup.ExpandWar.expand An expanded directory [C:\Users\sunny\Documents\RU_2019-20\Databases\project\CS336Proj\apache-tomcat-9.0.27\webapps\project] was found with a last modified time that did not match the associated WAR. It will be deleted.
11-Dec-2019 00:08:41.627 INFO [main] org.apache.catalina.startup.HostConfig.deployWAR Deployment of web application archive [C:\Users\sunny\Documents\RU_2019-20\Databases\project\CS336Proj\apache-tomcat-9.0.27\webapps\project.war] has finished in [892] ms
11-Dec-2019 00:08:41.627 INFO [main] org.apache.catalina.startup.HostConfig.deployDirectory Deploying web application directory [C:\Users\sunny\Documents\RU_2019-20\Databases\project\CS336Proj\apache-tomcat-9.0.27\webapps\docs]
11-Dec-2019 00:08:41.690 INFO [main] org.apache.catalina.startup.HostConfig.deployDirectory Deployment of web application directory [C:\Users\sunny\Documents\RU_2019-20\Databases\project\CS336Proj\apache-tomcat-9.0.27\webapps\docs] has finished in [63] ms
11-Dec-2019 00:08:41.690 INFO [main] org.apache.catalina.startup.HostConfig.deployDirectory Deploying web application directory [C:\Users\sunny\Documents\RU_2019-20\Databases\project\CS336Proj\apache-tomcat-9.0.27\webapps\examples]
11-Dec-2019 00:08:43.218 INFO [main] org.apache.catalina.startup.HostConfig.deployDirectory Deployment of web application directory [C:\Users\sunny\Documents\RU_2019-20\Databases\project\CS336Proj\apache-tomcat-9.0.27\webapps\examples] has finished in [1,528] ms
11-Dec-2019 00:08:43.219 INFO [main] org.apache.catalina.startup.HostConfig.deployDirectory Deploying web application directory [C:\Users\sunny\Documents\RU_2019-20\Databases\project\CS336Proj\apache-tomcat-9.0.27\webapps\host-manager]
11-Dec-2019 00:08:43.318 INFO [main] org.apache.catalina.startup.HostConfig.deployDirectory Deployment of web application directory [C:\Users\sunny\Documents\RU_2019-20\Databases\project\CS336Proj\apache-tomcat-9.0.27\webapps\host-manager] has finished in [99] ms
11-Dec-2019 00:08:43.319 INFO [main] org.apache.catalina.startup.HostConfig.deployDirectory Deploying web application directory [C:\Users\sunny\Documents\RU_2019-20\Databases\project\CS336Proj\apache-tomcat-9.0.27\webapps\manager]
11-Dec-2019 00:08:43.410 INFO [main] org.apache.catalina.startup.HostConfig.deployDirectory Deployment of web application directory [C:\Users\sunny\Documents\RU_2019-20\Databases\project\CS336Proj\apache-tomcat-9.0.27\webapps\manager] has finished in [91] ms
11-Dec-2019 00:08:43.412 INFO [main] org.apache.catalina.startup.HostConfig.deployDirectory Deploying web application directory [C:\Users\sunny\Documents\RU_2019-20\Databases\project\CS336Proj\apache-tomcat-9.0.27\webapps\projectname]
11-Dec-2019 00:08:43.466 INFO [main] org.apache.catalina.startup.HostConfig.deployDirectory Deployment of web application directory [C:\Users\sunny\Documents\RU_2019-20\Databases\project\CS336Proj\apache-tomcat-9.0.27\webapps\projectname] has finished in [54] ms
11-Dec-2019 00:08:43.467 INFO [main] org.apache.catalina.startup.HostConfig.deployDirectory Deploying web application directory [C:\Users\sunny\Documents\RU_2019-20\Databases\project\CS336Proj\apache-tomcat-9.0.27\webapps\ROOT]
11-Dec-2019 00:08:43.525 INFO [main] org.apache.catalina.startup.HostConfig.deployDirectory Deployment of web application directory [C:\Users\sunny\Documents\RU_2019-20\Databases\project\CS336Proj\apache-tomcat-9.0.27\webapps\ROOT] has finished in [57] ms
11-Dec-2019 00:08:43.531 INFO [main] org.apache.coyote.AbstractProtocol.start Starting ProtocolHandler ["http-nio-8080"]
11-Dec-2019 00:08:43.541 INFO [main] org.apache.coyote.AbstractProtocol.start Starting ProtocolHandler ["ajp-nio-8009"]
11-Dec-2019 00:08:43.548 INFO [main] org.apache.catalina.startup.Catalina.start Server startup in [3,028] milliseconds
11-Dec-2019 00:11:52.128 INFO [main] org.apache.catalina.core.StandardServer.await A valid shutdown command was received via the shutdown port. Stopping the Server instance.
11-Dec-2019 00:11:52.129 INFO [main] org.apache.coyote.AbstractProtocol.pause Pausing ProtocolHandler ["http-nio-8080"]
11-Dec-2019 00:11:52.331 INFO [main] org.apache.coyote.AbstractProtocol.pause Pausing ProtocolHandler ["ajp-nio-8009"]
11-Dec-2019 00:11:52.512 INFO [main] org.apache.catalina.core.StandardService.stopInternal Stopping service [Catalina]
11-Dec-2019 00:11:52.599 INFO [main] org.apache.coyote.AbstractProtocol.stop Stopping ProtocolHandler ["http-nio-8080"]
11-Dec-2019 00:11:52.615 INFO [main] org.apache.coyote.AbstractProtocol.stop Stopping ProtocolHandler ["ajp-nio-8009"]
11-Dec-2019 00:11:52.619 INFO [main] org.apache.coyote.AbstractProtocol.destroy Destroying ProtocolHandler ["http-nio-8080"]
11-Dec-2019 00:11:52.621 INFO [main] org.apache.coyote.AbstractProtocol.destroy Destroying ProtocolHandler ["ajp-nio-8009"]
11-Dec-2019 00:11:58.414 INFO [main] org.apache.catalina.startup.VersionLoggerListener.log Server version name:   Apache Tomcat/9.0.27
11-Dec-2019 00:11:58.418 INFO [main] org.apache.catalina.startup.VersionLoggerListener.log Server built:          Oct 7 2019 09:57:22 UTC
11-Dec-2019 00:11:58.419 INFO [main] org.apache.catalina.startup.VersionLoggerListener.log Server version number: 9.0.27.0
11-Dec-2019 00:11:58.419 INFO [main] org.apache.catalina.startup.VersionLoggerListener.log OS Name:               Windows 10
11-Dec-2019 00:11:58.419 INFO [main] org.apache.catalina.startup.VersionLoggerListener.log OS Version:            10.0
11-Dec-2019 00:11:58.420 INFO [main] org.apache.catalina.startup.VersionLoggerListener.log Architecture:          amd64
11-Dec-2019 00:11:58.420 INFO [main] org.apache.catalina.startup.VersionLoggerListener.log Java Home:             C:\Program Files\Java\jre1.8.0_231
11-Dec-2019 00:11:58.420 INFO [main] org.apache.catalina.startup.VersionLoggerListener.log JVM Version:           1.8.0_231-b11
11-Dec-2019 00:11:58.421 INFO [main] org.apache.catalina.startup.VersionLoggerListener.log JVM Vendor:            Oracle Corporation
11-Dec-2019 00:11:58.421 INFO [main] org.apache.catalina.startup.VersionLoggerListener.log CATALINA_BASE:         C:\Users\sunny\Documents\RU_2019-20\Databases\project\CS336Proj\apache-tomcat-9.0.27
11-Dec-2019 00:11:58.422 INFO [main] org.apache.catalina.startup.VersionLoggerListener.log CATALINA_HOME:         C:\Users\sunny\Documents\RU_2019-20\Databases\project\CS336Proj\apache-tomcat-9.0.27
11-Dec-2019 00:11:58.422 INFO [main] org.apache.catalina.startup.VersionLoggerListener.log Command line argument: -Djava.util.logging.config.file=C:\Users\sunny\Documents\RU_2019-20\Databases\project\CS336Proj\apache-tomcat-9.0.27\conf\logging.properties
11-Dec-2019 00:11:58.423 INFO [main] org.apache.catalina.startup.VersionLoggerListener.log Command line argument: -Djava.util.logging.manager=org.apache.juli.ClassLoaderLogManager
11-Dec-2019 00:11:58.423 INFO [main] org.apache.catalina.startup.VersionLoggerListener.log Command line argument: -Djdk.tls.ephemeralDHKeySize=2048
11-Dec-2019 00:11:58.423 INFO [main] org.apache.catalina.startup.VersionLoggerListener.log Command line argument: -Djava.protocol.handler.pkgs=org.apache.catalina.webresources
11-Dec-2019 00:11:58.423 INFO [main] org.apache.catalina.startup.VersionLoggerListener.log Command line argument: -Dignore.endorsed.dirs=
11-Dec-2019 00:11:58.424 INFO [main] org.apache.catalina.startup.VersionLoggerListener.log Command line argument: -Dcatalina.base=C:\Users\sunny\Documents\RU_2019-20\Databases\project\CS336Proj\apache-tomcat-9.0.27
11-Dec-2019 00:11:58.424 INFO [main] org.apache.catalina.startup.VersionLoggerListener.log Command line argument: -Dcatalina.home=C:\Users\sunny\Documents\RU_2019-20\Databases\project\CS336Proj\apache-tomcat-9.0.27
11-Dec-2019 00:11:58.426 INFO [main] org.apache.catalina.startup.VersionLoggerListener.log Command line argument: -Djava.io.tmpdir=C:\Users\sunny\Documents\RU_2019-20\Databases\project\CS336Proj\apache-tomcat-9.0.27\temp
11-Dec-2019 00:11:58.427 INFO [main] org.apache.catalina.core.AprLifecycleListener.lifecycleEvent Loaded APR based Apache Tomcat Native library [1.2.23] using APR version [1.7.0].
11-Dec-2019 00:11:58.432 INFO [main] org.apache.catalina.core.AprLifecycleListener.lifecycleEvent APR capabilities: IPv6 [true], sendfile [true], accept filters [false], random [true].
11-Dec-2019 00:11:58.437 INFO [main] org.apache.catalina.core.AprLifecycleListener.lifecycleEvent APR/OpenSSL configuration: useAprConnector [false], useOpenSSL [true]
11-Dec-2019 00:11:58.445 INFO [main] org.apache.catalina.core.AprLifecycleListener.initializeSSL OpenSSL successfully initialized [OpenSSL 1.1.1c  28 May 2019]
11-Dec-2019 00:11:59.381 INFO [main] org.apache.coyote.AbstractProtocol.init Initializing ProtocolHandler ["http-nio-8080"]
11-Dec-2019 00:11:59.770 INFO [main] org.apache.coyote.AbstractProtocol.init Initializing ProtocolHandler ["ajp-nio-8009"]
11-Dec-2019 00:11:59.782 INFO [main] org.apache.catalina.startup.Catalina.load Server initialization in [1,716] milliseconds
11-Dec-2019 00:11:59.840 INFO [main] org.apache.catalina.core.StandardService.startInternal Starting service [Catalina]
11-Dec-2019 00:11:59.841 INFO [main] org.apache.catalina.core.StandardEngine.startInternal Starting Servlet engine: [Apache Tomcat/9.0.27]
11-Dec-2019 00:11:59.873 INFO [main] org.apache.catalina.startup.HostConfig.deployWAR Deploying web application archive [C:\Users\sunny\Documents\RU_2019-20\Databases\project\CS336Proj\apache-tomcat-9.0.27\webapps\project.war]
11-Dec-2019 00:11:59.912 INFO [main] org.apache.catalina.startup.ExpandWar.expand An expanded directory [C:\Users\sunny\Documents\RU_2019-20\Databases\project\CS336Proj\apache-tomcat-9.0.27\webapps\project] was found with a last modified time that did not match the associated WAR. It will be deleted.
11-Dec-2019 00:12:00.521 INFO [main] org.apache.catalina.startup.HostConfig.deployWAR Deployment of web application archive [C:\Users\sunny\Documents\RU_2019-20\Databases\project\CS336Proj\apache-tomcat-9.0.27\webapps\project.war] has finished in [647] ms
11-Dec-2019 00:12:00.522 INFO [main] org.apache.catalina.startup.HostConfig.deployDirectory Deploying web application directory [C:\Users\sunny\Documents\RU_2019-20\Databases\project\CS336Proj\apache-tomcat-9.0.27\webapps\docs]
11-Dec-2019 00:12:00.583 INFO [main] org.apache.catalina.startup.HostConfig.deployDirectory Deployment of web application directory [C:\Users\sunny\Documents\RU_2019-20\Databases\project\CS336Proj\apache-tomcat-9.0.27\webapps\docs] has finished in [61] ms
11-Dec-2019 00:12:00.584 INFO [main] org.apache.catalina.startup.HostConfig.deployDirectory Deploying web application directory [C:\Users\sunny\Documents\RU_2019-20\Databases\project\CS336Proj\apache-tomcat-9.0.27\webapps\examples]
11-Dec-2019 00:12:02.174 INFO [main] org.apache.catalina.startup.HostConfig.deployDirectory Deployment of web application directory [C:\Users\sunny\Documents\RU_2019-20\Databases\project\CS336Proj\apache-tomcat-9.0.27\webapps\examples] has finished in [1,590] ms
11-Dec-2019 00:12:02.174 INFO [main] org.apache.catalina.startup.HostConfig.deployDirectory Deploying web application directory [C:\Users\sunny\Documents\RU_2019-20\Databases\project\CS336Proj\apache-tomcat-9.0.27\webapps\host-manager]
11-Dec-2019 00:12:02.268 INFO [main] org.apache.catalina.startup.HostConfig.deployDirectory Deployment of web application directory [C:\Users\sunny\Documents\RU_2019-20\Databases\project\CS336Proj\apache-tomcat-9.0.27\webapps\host-manager] has finished in [94] ms
11-Dec-2019 00:12:02.269 INFO [main] org.apache.catalina.startup.HostConfig.deployDirectory Deploying web application directory [C:\Users\sunny\Documents\RU_2019-20\Databases\project\CS336Proj\apache-tomcat-9.0.27\webapps\manager]
11-Dec-2019 00:12:02.348 INFO [main] org.apache.catalina.startup.HostConfig.deployDirectory Deployment of web application directory [C:\Users\sunny\Documents\RU_2019-20\Databases\project\CS336Proj\apache-tomcat-9.0.27\webapps\manager] has finished in [80] ms
11-Dec-2019 00:12:02.352 INFO [main] org.apache.catalina.startup.HostConfig.deployDirectory Deploying web application directory [C:\Users\sunny\Documents\RU_2019-20\Databases\project\CS336Proj\apache-tomcat-9.0.27\webapps\projectname]
11-Dec-2019 00:12:02.410 INFO [main] org.apache.catalina.startup.HostConfig.deployDirectory Deployment of web application directory [C:\Users\sunny\Documents\RU_2019-20\Databases\project\CS336Proj\apache-tomcat-9.0.27\webapps\projectname] has finished in [58] ms
11-Dec-2019 00:12:02.411 INFO [main] org.apache.catalina.startup.HostConfig.deployDirectory Deploying web application directory [C:\Users\sunny\Documents\RU_2019-20\Databases\project\CS336Proj\apache-tomcat-9.0.27\webapps\ROOT]
11-Dec-2019 00:12:02.488 INFO [main] org.apache.catalina.startup.HostConfig.deployDirectory Deployment of web application directory [C:\Users\sunny\Documents\RU_2019-20\Databases\project\CS336Proj\apache-tomcat-9.0.27\webapps\ROOT] has finished in [77] ms
11-Dec-2019 00:12:02.494 INFO [main] org.apache.coyote.AbstractProtocol.start Starting ProtocolHandler ["http-nio-8080"]
11-Dec-2019 00:12:02.509 INFO [main] org.apache.coyote.AbstractProtocol.start Starting ProtocolHandler ["ajp-nio-8009"]
11-Dec-2019 00:12:02.514 INFO [main] org.apache.catalina.startup.Catalina.start Server startup in [2,731] milliseconds
11-Dec-2019 00:13:19.742 INFO [main] org.apache.catalina.core.StandardServer.await A valid shutdown command was received via the shutdown port. Stopping the Server instance.
11-Dec-2019 00:13:19.743 INFO [main] org.apache.coyote.AbstractProtocol.pause Pausing ProtocolHandler ["http-nio-8080"]
11-Dec-2019 00:13:19.946 INFO [main] org.apache.coyote.AbstractProtocol.pause Pausing ProtocolHandler ["ajp-nio-8009"]
11-Dec-2019 00:13:20.154 INFO [main] org.apache.catalina.core.StandardService.stopInternal Stopping service [Catalina]
11-Dec-2019 00:13:20.188 INFO [main] org.apache.coyote.AbstractProtocol.stop Stopping ProtocolHandler ["http-nio-8080"]
11-Dec-2019 00:13:20.196 INFO [main] org.apache.coyote.AbstractProtocol.stop Stopping ProtocolHandler ["ajp-nio-8009"]
11-Dec-2019 00:13:20.200 INFO [main] org.apache.coyote.AbstractProtocol.destroy Destroying ProtocolHandler ["http-nio-8080"]
11-Dec-2019 00:13:20.202 INFO [main] org.apache.coyote.AbstractProtocol.destroy Destroying ProtocolHandler ["ajp-nio-8009"]
