17-Nov-2019 00:01:01.511 INFO [main] org.apache.catalina.core.ApplicationContext.log SessionListener: contextDestroyed()
17-Nov-2019 00:01:01.511 INFO [main] org.apache.catalina.core.ApplicationContext.log ContextListener: contextDestroyed()
17-Nov-2019 01:05:36.363 INFO [main] org.apache.catalina.core.ApplicationContext.log ContextListener: contextInitialized()
17-Nov-2019 01:05:36.363 INFO [main] org.apache.catalina.core.ApplicationContext.log SessionListener: contextInitialized()
17-Nov-2019 01:05:36.366 INFO [main] org.apache.catalina.core.ApplicationContext.log ContextListener: attributeAdded('StockTicker', 'async.Stockticker@5c671d7f')
17-Nov-2019 01:15:32.434 INFO [main] org.apache.catalina.core.ApplicationContext.log SessionListener: contextDestroyed()
17-Nov-2019 01:15:32.434 INFO [main] org.apache.catalina.core.ApplicationContext.log ContextListener: contextDestroyed()
17-Nov-2019 01:16:55.613 INFO [main] org.apache.catalina.core.ApplicationContext.log ContextListener: contextInitialized()
17-Nov-2019 01:16:55.614 INFO [main] org.apache.catalina.core.ApplicationContext.log SessionListener: contextInitialized()
17-Nov-2019 01:16:55.618 INFO [main] org.apache.catalina.core.ApplicationContext.log ContextListener: attributeAdded('StockTicker', 'async.Stockticker@5c671d7f')
17-Nov-2019 01:32:57.763 INFO [main] org.apache.catalina.core.ApplicationContext.log ContextListener: contextInitialized()
17-Nov-2019 01:32:57.763 INFO [main] org.apache.catalina.core.ApplicationContext.log SessionListener: contextInitialized()
17-Nov-2019 01:32:57.763 INFO [main] org.apache.catalina.core.ApplicationContext.log ContextListener: attributeAdded('StockTicker', 'async.Stockticker@65d09a04')
17-Nov-2019 01:32:57.958 INFO [main] org.apache.catalina.core.ApplicationContext.log SessionListener: contextDestroyed()
17-Nov-2019 01:32:57.958 INFO [main] org.apache.catalina.core.ApplicationContext.log ContextListener: contextDestroyed()
17-Nov-2019 01:37:56.434 INFO [main] org.apache.catalina.core.ApplicationContext.log SessionListener: contextDestroyed()
17-Nov-2019 01:37:56.434 INFO [main] org.apache.catalina.core.ApplicationContext.log ContextListener: contextDestroyed()
17-Nov-2019 01:39:07.358 INFO [main] org.apache.catalina.core.ApplicationContext.log ContextListener: contextInitialized()
17-Nov-2019 01:39:07.358 INFO [main] org.apache.catalina.core.ApplicationContext.log SessionListener: contextInitialized()
17-Nov-2019 01:39:07.363 INFO [main] org.apache.catalina.core.ApplicationContext.log ContextListener: attributeAdded('StockTicker', 'async.Stockticker@5c671d7f')
17-Nov-2019 01:40:19.435 INFO [main] org.apache.catalina.core.ApplicationContext.log SessionListener: contextDestroyed()
17-Nov-2019 01:40:19.435 INFO [main] org.apache.catalina.core.ApplicationContext.log ContextListener: contextDestroyed()
17-Nov-2019 01:41:22.163 INFO [main] org.apache.catalina.core.ApplicationContext.log ContextListener: contextInitialized()
17-Nov-2019 01:41:22.163 INFO [main] org.apache.catalina.core.ApplicationContext.log SessionListener: contextInitialized()
17-Nov-2019 01:41:22.163 INFO [main] org.apache.catalina.core.ApplicationContext.log ContextListener: attributeAdded('StockTicker', 'async.Stockticker@49e5f737')
17-Nov-2019 01:41:59.017 SEVERE [http-nio-8080-exec-1] org.apache.catalina.core.StandardWrapperValve.invoke Servlet.service() for servlet [jsp] in context with path [/project] threw exception [Unable to compile class for JSP: 

An error occurred at line: [10] in the jsp file: [/checkRegistration.jsp]
Syntax error, insert ";" to complete BlockStatements
7: 	Connection conn = null;
8: 	PreparedStatement psa = null;
9: 	try {
10:         out.print("Connecting...")
11:         Class.forName("com.mysql.jdbc.Driver").newInstance();
12:         conn = DriverManager.getConnection(url, "Application", "JAAYS");
13:         out.print("Done!")


An error occurred at line: [13] in the jsp file: [/checkRegistration.jsp]
Syntax error, insert ";" to complete Statement
10:         out.print("Connecting...")
11:         Class.forName("com.mysql.jdbc.Driver").newInstance();
12:         conn = DriverManager.getConnection(url, "Application", "JAAYS");
13:         out.print("Done!")
14:         String user = request.getParameter("username");
15:         String pw = request.getParameter("password");
16: 		String fname = request.getParameter("fname");


Stacktrace:] with root cause
	org.apache.jasper.JasperException: Unable to compile class for JSP: 

An error occurred at line: [10] in the jsp file: [/checkRegistration.jsp]
Syntax error, insert ";" to complete BlockStatements
7: 	Connection conn = null;
8: 	PreparedStatement psa = null;
9: 	try {
10:         out.print("Connecting...")
11:         Class.forName("com.mysql.jdbc.Driver").newInstance();
12:         conn = DriverManager.getConnection(url, "Application", "JAAYS");
13:         out.print("Done!")


An error occurred at line: [13] in the jsp file: [/checkRegistration.jsp]
Syntax error, insert ";" to complete Statement
10:         out.print("Connecting...")
11:         Class.forName("com.mysql.jdbc.Driver").newInstance();
12:         conn = DriverManager.getConnection(url, "Application", "JAAYS");
13:         out.print("Done!")
14:         String user = request.getParameter("username");
15:         String pw = request.getParameter("password");
16: 		String fname = request.getParameter("fname");


Stacktrace:
		at org.apache.jasper.compiler.DefaultErrorHandler.javacError(DefaultErrorHandler.java:103)
		at org.apache.jasper.compiler.ErrorDispatcher.javacError(ErrorDispatcher.java:213)
		at org.apache.jasper.compiler.JDTCompiler.generateClass(JDTCompiler.java:519)
		at org.apache.jasper.compiler.Compiler.compile(Compiler.java:392)
		at org.apache.jasper.compiler.Compiler.compile(Compiler.java:362)
		at org.apache.jasper.compiler.Compiler.compile(Compiler.java:346)
		at org.apache.jasper.JspCompilationContext.compile(JspCompilationContext.java:603)
		at org.apache.jasper.servlet.JspServletWrapper.service(JspServletWrapper.java:399)
		at org.apache.jasper.servlet.JspServlet.serviceJspFile(JspServlet.java:385)
		at org.apache.jasper.servlet.JspServlet.service(JspServlet.java:329)
		at javax.servlet.http.HttpServlet.service(HttpServlet.java:741)
		at org.apache.catalina.core.ApplicationFilterChain.internalDoFilter(ApplicationFilterChain.java:231)
		at org.apache.catalina.core.ApplicationFilterChain.doFilter(ApplicationFilterChain.java:166)
		at org.apache.tomcat.websocket.server.WsFilter.doFilter(WsFilter.java:53)
		at org.apache.catalina.core.ApplicationFilterChain.internalDoFilter(ApplicationFilterChain.java:193)
		at org.apache.catalina.core.ApplicationFilterChain.doFilter(ApplicationFilterChain.java:166)
		at org.apache.catalina.core.StandardWrapperValve.invoke(StandardWrapperValve.java:202)
		at org.apache.catalina.core.StandardContextValve.invoke(StandardContextValve.java:96)
		at org.apache.catalina.authenticator.AuthenticatorBase.invoke(AuthenticatorBase.java:526)
		at org.apache.catalina.core.StandardHostValve.invoke(StandardHostValve.java:139)
		at org.apache.catalina.valves.ErrorReportValve.invoke(ErrorReportValve.java:92)
		at org.apache.catalina.valves.AbstractAccessLogValve.invoke(AbstractAccessLogValve.java:678)
		at org.apache.catalina.core.StandardEngineValve.invoke(StandardEngineValve.java:74)
		at org.apache.catalina.connector.CoyoteAdapter.service(CoyoteAdapter.java:343)
		at org.apache.coyote.http11.Http11Processor.service(Http11Processor.java:408)
		at org.apache.coyote.AbstractProcessorLight.process(AbstractProcessorLight.java:66)
		at org.apache.coyote.AbstractProtocol$ConnectionHandler.process(AbstractProtocol.java:861)
		at org.apache.tomcat.util.net.NioEndpoint$SocketProcessor.doRun(NioEndpoint.java:1579)
		at org.apache.tomcat.util.net.SocketProcessorBase.run(SocketProcessorBase.java:49)
		at java.util.concurrent.ThreadPoolExecutor.runWorker(Unknown Source)
		at java.util.concurrent.ThreadPoolExecutor$Worker.run(Unknown Source)
		at org.apache.tomcat.util.threads.TaskThread$WrappingRunnable.run(TaskThread.java:61)
		at java.lang.Thread.run(Unknown Source)
17-Nov-2019 01:42:56.779 INFO [main] org.apache.catalina.core.ApplicationContext.log SessionListener: contextDestroyed()
17-Nov-2019 01:42:56.779 INFO [main] org.apache.catalina.core.ApplicationContext.log ContextListener: contextDestroyed()
17-Nov-2019 01:43:37.789 INFO [main] org.apache.catalina.core.ApplicationContext.log ContextListener: contextInitialized()
17-Nov-2019 01:43:37.789 INFO [main] org.apache.catalina.core.ApplicationContext.log SessionListener: contextInitialized()
17-Nov-2019 01:43:37.789 INFO [main] org.apache.catalina.core.ApplicationContext.log ContextListener: attributeAdded('StockTicker', 'async.Stockticker@5c671d7f')
17-Nov-2019 01:43:54.194 SEVERE [http-nio-8080-exec-3] org.apache.catalina.core.StandardWrapperValve.invoke Servlet.service() for servlet [jsp] in context with path [/project] threw exception [Unable to compile class for JSP: 

An error occurred at line: [10] in the jsp file: [/checkRegistration.jsp]
Syntax error, insert ";" to complete BlockStatements
7: 	Connection conn = null;
8: 	PreparedStatement psa = null;
9: 	try {
10:         out.print("Connecting...")
11:         Class.forName("com.mysql.jdbc.Driver").newInstance();
12:         conn = DriverManager.getConnection(url, "Application", "JAAYS");
13:         out.print("Done!");


Stacktrace:] with root cause
	org.apache.jasper.JasperException: Unable to compile class for JSP: 

An error occurred at line: [10] in the jsp file: [/checkRegistration.jsp]
Syntax error, insert ";" to complete BlockStatements
7: 	Connection conn = null;
8: 	PreparedStatement psa = null;
9: 	try {
10:         out.print("Connecting...")
11:         Class.forName("com.mysql.jdbc.Driver").newInstance();
12:         conn = DriverManager.getConnection(url, "Application", "JAAYS");
13:         out.print("Done!");


Stacktrace:
		at org.apache.jasper.compiler.DefaultErrorHandler.javacError(DefaultErrorHandler.java:103)
		at org.apache.jasper.compiler.ErrorDispatcher.javacError(ErrorDispatcher.java:213)
		at org.apache.jasper.compiler.JDTCompiler.generateClass(JDTCompiler.java:519)
		at org.apache.jasper.compiler.Compiler.compile(Compiler.java:392)
		at org.apache.jasper.compiler.Compiler.compile(Compiler.java:362)
		at org.apache.jasper.compiler.Compiler.compile(Compiler.java:346)
		at org.apache.jasper.JspCompilationContext.compile(JspCompilationContext.java:603)
		at org.apache.jasper.servlet.JspServletWrapper.service(JspServletWrapper.java:399)
		at org.apache.jasper.servlet.JspServlet.serviceJspFile(JspServlet.java:385)
		at org.apache.jasper.servlet.JspServlet.service(JspServlet.java:329)
		at javax.servlet.http.HttpServlet.service(HttpServlet.java:741)
		at org.apache.catalina.core.ApplicationFilterChain.internalDoFilter(ApplicationFilterChain.java:231)
		at org.apache.catalina.core.ApplicationFilterChain.doFilter(ApplicationFilterChain.java:166)
		at org.apache.tomcat.websocket.server.WsFilter.doFilter(WsFilter.java:53)
		at org.apache.catalina.core.ApplicationFilterChain.internalDoFilter(ApplicationFilterChain.java:193)
		at org.apache.catalina.core.ApplicationFilterChain.doFilter(ApplicationFilterChain.java:166)
		at org.apache.catalina.core.StandardWrapperValve.invoke(StandardWrapperValve.java:202)
		at org.apache.catalina.core.StandardContextValve.invoke(StandardContextValve.java:96)
		at org.apache.catalina.authenticator.AuthenticatorBase.invoke(AuthenticatorBase.java:526)
		at org.apache.catalina.core.StandardHostValve.invoke(StandardHostValve.java:139)
		at org.apache.catalina.valves.ErrorReportValve.invoke(ErrorReportValve.java:92)
		at org.apache.catalina.valves.AbstractAccessLogValve.invoke(AbstractAccessLogValve.java:678)
		at org.apache.catalina.core.StandardEngineValve.invoke(StandardEngineValve.java:74)
		at org.apache.catalina.connector.CoyoteAdapter.service(CoyoteAdapter.java:343)
		at org.apache.coyote.http11.Http11Processor.service(Http11Processor.java:408)
		at org.apache.coyote.AbstractProcessorLight.process(AbstractProcessorLight.java:66)
		at org.apache.coyote.AbstractProtocol$ConnectionHandler.process(AbstractProtocol.java:861)
		at org.apache.tomcat.util.net.NioEndpoint$SocketProcessor.doRun(NioEndpoint.java:1579)
		at org.apache.tomcat.util.net.SocketProcessorBase.run(SocketProcessorBase.java:49)
		at java.util.concurrent.ThreadPoolExecutor.runWorker(Unknown Source)
		at java.util.concurrent.ThreadPoolExecutor$Worker.run(Unknown Source)
		at org.apache.tomcat.util.threads.TaskThread$WrappingRunnable.run(TaskThread.java:61)
		at java.lang.Thread.run(Unknown Source)
17-Nov-2019 01:44:10.933 INFO [main] org.apache.catalina.core.ApplicationContext.log SessionListener: contextDestroyed()
17-Nov-2019 01:44:10.933 INFO [main] org.apache.catalina.core.ApplicationContext.log ContextListener: contextDestroyed()
17-Nov-2019 01:44:40.217 INFO [main] org.apache.catalina.core.ApplicationContext.log ContextListener: contextInitialized()
17-Nov-2019 01:44:40.218 INFO [main] org.apache.catalina.core.ApplicationContext.log SessionListener: contextInitialized()
17-Nov-2019 01:44:40.220 INFO [main] org.apache.catalina.core.ApplicationContext.log ContextListener: attributeAdded('StockTicker', 'async.Stockticker@5c671d7f')
17-Nov-2019 01:47:02.148 INFO [main] org.apache.catalina.core.ApplicationContext.log SessionListener: contextDestroyed()
17-Nov-2019 01:47:02.148 INFO [main] org.apache.catalina.core.ApplicationContext.log ContextListener: contextDestroyed()
17-Nov-2019 01:48:20.849 INFO [main] org.apache.catalina.core.ApplicationContext.log ContextListener: contextInitialized()
17-Nov-2019 01:48:20.849 INFO [main] org.apache.catalina.core.ApplicationContext.log SessionListener: contextInitialized()
17-Nov-2019 01:48:20.854 INFO [main] org.apache.catalina.core.ApplicationContext.log ContextListener: attributeAdded('StockTicker', 'async.Stockticker@5c671d7f')
17-Nov-2019 01:51:14.734 INFO [main] org.apache.catalina.core.ApplicationContext.log SessionListener: contextDestroyed()
17-Nov-2019 01:51:14.734 INFO [main] org.apache.catalina.core.ApplicationContext.log ContextListener: contextDestroyed()
17-Nov-2019 01:53:25.344 INFO [main] org.apache.catalina.core.ApplicationContext.log ContextListener: contextInitialized()
17-Nov-2019 01:53:25.344 INFO [main] org.apache.catalina.core.ApplicationContext.log SessionListener: contextInitialized()
17-Nov-2019 01:53:25.349 INFO [main] org.apache.catalina.core.ApplicationContext.log ContextListener: attributeAdded('StockTicker', 'async.Stockticker@5c671d7f')
17-Nov-2019 01:53:41.030 SEVERE [http-nio-8080-exec-8] org.apache.catalina.core.StandardWrapperValve.invoke Servlet.service() for servlet [jsp] in context with path [/project] threw exception [Unable to compile class for JSP: 

An error occurred at line: [20] in the generated java file: [C:\Users\Alexr\Google_Drive\College\Fall_2019\Data_Info\apache-tomcat-9.0.27\work\Catalina\localhost\project\org\apache\jsp\checkRegistration_jsp.java]
Syntax error on token "import", Name expected after this token

Stacktrace:] with root cause
	org.apache.jasper.JasperException: Unable to compile class for JSP: 

An error occurred at line: [20] in the generated java file: [C:\Users\Alexr\Google_Drive\College\Fall_2019\Data_Info\apache-tomcat-9.0.27\work\Catalina\localhost\project\org\apache\jsp\checkRegistration_jsp.java]
Syntax error on token "import", Name expected after this token

Stacktrace:
		at org.apache.jasper.compiler.DefaultErrorHandler.javacError(DefaultErrorHandler.java:103)
		at org.apache.jasper.compiler.ErrorDispatcher.javacError(ErrorDispatcher.java:213)
		at org.apache.jasper.compiler.JDTCompiler.generateClass(JDTCompiler.java:519)
		at org.apache.jasper.compiler.Compiler.compile(Compiler.java:392)
		at org.apache.jasper.compiler.Compiler.compile(Compiler.java:362)
		at org.apache.jasper.compiler.Compiler.compile(Compiler.java:346)
		at org.apache.jasper.JspCompilationContext.compile(JspCompilationContext.java:603)
		at org.apache.jasper.servlet.JspServletWrapper.service(JspServletWrapper.java:399)
		at org.apache.jasper.servlet.JspServlet.serviceJspFile(JspServlet.java:385)
		at org.apache.jasper.servlet.JspServlet.service(JspServlet.java:329)
		at javax.servlet.http.HttpServlet.service(HttpServlet.java:741)
		at org.apache.catalina.core.ApplicationFilterChain.internalDoFilter(ApplicationFilterChain.java:231)
		at org.apache.catalina.core.ApplicationFilterChain.doFilter(ApplicationFilterChain.java:166)
		at org.apache.tomcat.websocket.server.WsFilter.doFilter(WsFilter.java:53)
		at org.apache.catalina.core.ApplicationFilterChain.internalDoFilter(ApplicationFilterChain.java:193)
		at org.apache.catalina.core.ApplicationFilterChain.doFilter(ApplicationFilterChain.java:166)
		at org.apache.catalina.core.StandardWrapperValve.invoke(StandardWrapperValve.java:202)
		at org.apache.catalina.core.StandardContextValve.invoke(StandardContextValve.java:96)
		at org.apache.catalina.authenticator.AuthenticatorBase.invoke(AuthenticatorBase.java:526)
		at org.apache.catalina.core.StandardHostValve.invoke(StandardHostValve.java:139)
		at org.apache.catalina.valves.ErrorReportValve.invoke(ErrorReportValve.java:92)
		at org.apache.catalina.valves.AbstractAccessLogValve.invoke(AbstractAccessLogValve.java:678)
		at org.apache.catalina.core.StandardEngineValve.invoke(StandardEngineValve.java:74)
		at org.apache.catalina.connector.CoyoteAdapter.service(CoyoteAdapter.java:343)
		at org.apache.coyote.http11.Http11Processor.service(Http11Processor.java:408)
		at org.apache.coyote.AbstractProcessorLight.process(AbstractProcessorLight.java:66)
		at org.apache.coyote.AbstractProtocol$ConnectionHandler.process(AbstractProtocol.java:861)
		at org.apache.tomcat.util.net.NioEndpoint$SocketProcessor.doRun(NioEndpoint.java:1579)
		at org.apache.tomcat.util.net.SocketProcessorBase.run(SocketProcessorBase.java:49)
		at java.util.concurrent.ThreadPoolExecutor.runWorker(Unknown Source)
		at java.util.concurrent.ThreadPoolExecutor$Worker.run(Unknown Source)
		at org.apache.tomcat.util.threads.TaskThread$WrappingRunnable.run(TaskThread.java:61)
		at java.lang.Thread.run(Unknown Source)
17-Nov-2019 01:54:05.214 INFO [main] org.apache.catalina.core.ApplicationContext.log SessionListener: contextDestroyed()
17-Nov-2019 01:54:05.214 INFO [main] org.apache.catalina.core.ApplicationContext.log ContextListener: contextDestroyed()
17-Nov-2019 01:54:51.314 INFO [main] org.apache.catalina.core.ApplicationContext.log ContextListener: contextInitialized()
17-Nov-2019 01:54:51.314 INFO [main] org.apache.catalina.core.ApplicationContext.log SessionListener: contextInitialized()
17-Nov-2019 01:54:51.318 INFO [main] org.apache.catalina.core.ApplicationContext.log ContextListener: attributeAdded('StockTicker', 'async.Stockticker@5c671d7f')
17-Nov-2019 01:55:49.521 INFO [main] org.apache.catalina.core.ApplicationContext.log SessionListener: contextDestroyed()
17-Nov-2019 01:55:49.521 INFO [main] org.apache.catalina.core.ApplicationContext.log ContextListener: contextDestroyed()
17-Nov-2019 01:57:12.341 INFO [main] org.apache.catalina.core.ApplicationContext.log ContextListener: contextInitialized()
17-Nov-2019 01:57:12.342 INFO [main] org.apache.catalina.core.ApplicationContext.log SessionListener: contextInitialized()
17-Nov-2019 01:57:12.344 INFO [main] org.apache.catalina.core.ApplicationContext.log ContextListener: attributeAdded('StockTicker', 'async.Stockticker@5c671d7f')
17-Nov-2019 02:14:07.741 INFO [main] org.apache.catalina.core.ApplicationContext.log SessionListener: contextDestroyed()
17-Nov-2019 02:14:07.741 INFO [main] org.apache.catalina.core.ApplicationContext.log ContextListener: contextDestroyed()
17-Nov-2019 02:15:00.922 INFO [main] org.apache.catalina.core.ApplicationContext.log ContextListener: contextInitialized()
17-Nov-2019 02:15:00.922 INFO [main] org.apache.catalina.core.ApplicationContext.log SessionListener: contextInitialized()
17-Nov-2019 02:15:00.922 INFO [main] org.apache.catalina.core.ApplicationContext.log ContextListener: attributeAdded('StockTicker', 'async.Stockticker@5c671d7f')
17-Nov-2019 02:18:48.510 INFO [main] org.apache.catalina.core.ApplicationContext.log SessionListener: contextDestroyed()
17-Nov-2019 02:18:48.510 INFO [main] org.apache.catalina.core.ApplicationContext.log ContextListener: contextDestroyed()
17-Nov-2019 02:19:23.682 INFO [main] org.apache.catalina.core.ApplicationContext.log ContextListener: contextInitialized()
17-Nov-2019 02:19:23.682 INFO [main] org.apache.catalina.core.ApplicationContext.log SessionListener: contextInitialized()
17-Nov-2019 02:19:23.682 INFO [main] org.apache.catalina.core.ApplicationContext.log ContextListener: attributeAdded('StockTicker', 'async.Stockticker@5c671d7f')
17-Nov-2019 02:25:37.436 INFO [main] org.apache.catalina.core.ApplicationContext.log SessionListener: contextDestroyed()
17-Nov-2019 02:25:37.436 INFO [main] org.apache.catalina.core.ApplicationContext.log ContextListener: contextDestroyed()
17-Nov-2019 02:27:48.783 INFO [main] org.apache.catalina.core.ApplicationContext.log ContextListener: contextInitialized()
17-Nov-2019 02:27:48.783 INFO [main] org.apache.catalina.core.ApplicationContext.log SessionListener: contextInitialized()
17-Nov-2019 02:27:48.783 INFO [main] org.apache.catalina.core.ApplicationContext.log ContextListener: attributeAdded('StockTicker', 'async.Stockticker@5c671d7f')
17-Nov-2019 02:35:15.472 INFO [main] org.apache.catalina.core.ApplicationContext.log SessionListener: contextDestroyed()
17-Nov-2019 02:35:15.472 INFO [main] org.apache.catalina.core.ApplicationContext.log ContextListener: contextDestroyed()
17-Nov-2019 02:36:13.766 INFO [main] org.apache.catalina.core.ApplicationContext.log ContextListener: contextInitialized()
17-Nov-2019 02:36:13.766 INFO [main] org.apache.catalina.core.ApplicationContext.log SessionListener: contextInitialized()
17-Nov-2019 02:36:13.774 INFO [main] org.apache.catalina.core.ApplicationContext.log ContextListener: attributeAdded('StockTicker', 'async.Stockticker@10aa41f2')
17-Nov-2019 02:59:44.203 INFO [main] org.apache.catalina.core.ApplicationContext.log ContextListener: contextInitialized()
17-Nov-2019 02:59:44.204 INFO [main] org.apache.catalina.core.ApplicationContext.log SessionListener: contextInitialized()
17-Nov-2019 02:59:44.205 INFO [main] org.apache.catalina.core.ApplicationContext.log ContextListener: attributeAdded('StockTicker', 'async.Stockticker@26b3fd41')
17-Nov-2019 02:59:44.424 INFO [main] org.apache.catalina.core.ApplicationContext.log SessionListener: contextDestroyed()
17-Nov-2019 02:59:44.425 INFO [main] org.apache.catalina.core.ApplicationContext.log ContextListener: contextDestroyed()
17-Nov-2019 03:00:41.112 INFO [main] org.apache.catalina.core.ApplicationContext.log SessionListener: contextDestroyed()
17-Nov-2019 03:00:41.112 INFO [main] org.apache.catalina.core.ApplicationContext.log ContextListener: contextDestroyed()
17-Nov-2019 03:01:06.857 INFO [main] org.apache.catalina.core.ApplicationContext.log ContextListener: contextInitialized()
17-Nov-2019 03:01:06.857 INFO [main] org.apache.catalina.core.ApplicationContext.log SessionListener: contextInitialized()
17-Nov-2019 03:01:06.864 INFO [main] org.apache.catalina.core.ApplicationContext.log ContextListener: attributeAdded('StockTicker', 'async.Stockticker@d21a74c')
17-Nov-2019 03:05:51.759 INFO [main] org.apache.catalina.core.ApplicationContext.log SessionListener: contextDestroyed()
17-Nov-2019 03:05:51.759 INFO [main] org.apache.catalina.core.ApplicationContext.log ContextListener: contextDestroyed()
17-Nov-2019 03:06:19.725 INFO [main] org.apache.catalina.core.ApplicationContext.log ContextListener: contextInitialized()
17-Nov-2019 03:06:19.725 INFO [main] org.apache.catalina.core.ApplicationContext.log SessionListener: contextInitialized()
17-Nov-2019 03:06:19.729 INFO [main] org.apache.catalina.core.ApplicationContext.log ContextListener: attributeAdded('StockTicker', 'async.Stockticker@d21a74c')
17-Nov-2019 03:14:58.268 INFO [main] org.apache.catalina.core.ApplicationContext.log SessionListener: contextDestroyed()
17-Nov-2019 03:14:58.268 INFO [main] org.apache.catalina.core.ApplicationContext.log ContextListener: contextDestroyed()
17-Nov-2019 03:15:26.179 INFO [main] org.apache.catalina.core.ApplicationContext.log ContextListener: contextInitialized()
17-Nov-2019 03:15:26.179 INFO [main] org.apache.catalina.core.ApplicationContext.log SessionListener: contextInitialized()
17-Nov-2019 03:15:26.181 INFO [main] org.apache.catalina.core.ApplicationContext.log ContextListener: attributeAdded('StockTicker', 'async.Stockticker@d21a74c')
17-Nov-2019 03:18:37.509 INFO [main] org.apache.catalina.core.ApplicationContext.log SessionListener: contextDestroyed()
17-Nov-2019 03:18:37.509 INFO [main] org.apache.catalina.core.ApplicationContext.log ContextListener: contextDestroyed()
17-Nov-2019 03:19:16.138 INFO [main] org.apache.catalina.core.ApplicationContext.log ContextListener: contextInitialized()
17-Nov-2019 03:19:16.138 INFO [main] org.apache.catalina.core.ApplicationContext.log SessionListener: contextInitialized()
17-Nov-2019 03:19:16.142 INFO [main] org.apache.catalina.core.ApplicationContext.log ContextListener: attributeAdded('StockTicker', 'async.Stockticker@d21a74c')
17-Nov-2019 03:19:40.362 SEVERE [http-nio-8080-exec-5] org.apache.catalina.core.StandardWrapperValve.invoke Servlet.service() for servlet [jsp] in context with path [/project] threw exception [Unable to compile class for JSP: 

An error occurred at line: [33] in the jsp file: [/checkRegistration.jsp]
TimeUnit.SECONDS cannot be resolved to a type
30:             int outcome = 0;
31:             outcome = psa.executeUpdate();
32: 
33:             TimeUnit.SECONDS.sleep(5);
34:             out.print(outcome);
35:             out.print(enter);
36:             if (outcome == 0) 


Stacktrace:] with root cause
	org.apache.jasper.JasperException: Unable to compile class for JSP: 

An error occurred at line: [33] in the jsp file: [/checkRegistration.jsp]
TimeUnit.SECONDS cannot be resolved to a type
30:             int outcome = 0;
31:             outcome = psa.executeUpdate();
32: 
33:             TimeUnit.SECONDS.sleep(5);
34:             out.print(outcome);
35:             out.print(enter);
36:             if (outcome == 0) 


Stacktrace:
		at org.apache.jasper.compiler.DefaultErrorHandler.javacError(DefaultErrorHandler.java:103)
		at org.apache.jasper.compiler.ErrorDispatcher.javacError(ErrorDispatcher.java:213)
		at org.apache.jasper.compiler.JDTCompiler.generateClass(JDTCompiler.java:519)
		at org.apache.jasper.compiler.Compiler.compile(Compiler.java:392)
		at org.apache.jasper.compiler.Compiler.compile(Compiler.java:362)
		at org.apache.jasper.compiler.Compiler.compile(Compiler.java:346)
		at org.apache.jasper.JspCompilationContext.compile(JspCompilationContext.java:603)
		at org.apache.jasper.servlet.JspServletWrapper.service(JspServletWrapper.java:399)
		at org.apache.jasper.servlet.JspServlet.serviceJspFile(JspServlet.java:385)
		at org.apache.jasper.servlet.JspServlet.service(JspServlet.java:329)
		at javax.servlet.http.HttpServlet.service(HttpServlet.java:741)
		at org.apache.catalina.core.ApplicationFilterChain.internalDoFilter(ApplicationFilterChain.java:231)
		at org.apache.catalina.core.ApplicationFilterChain.doFilter(ApplicationFilterChain.java:166)
		at org.apache.tomcat.websocket.server.WsFilter.doFilter(WsFilter.java:53)
		at org.apache.catalina.core.ApplicationFilterChain.internalDoFilter(ApplicationFilterChain.java:193)
		at org.apache.catalina.core.ApplicationFilterChain.doFilter(ApplicationFilterChain.java:166)
		at org.apache.catalina.core.StandardWrapperValve.invoke(StandardWrapperValve.java:202)
		at org.apache.catalina.core.StandardContextValve.invoke(StandardContextValve.java:96)
		at org.apache.catalina.authenticator.AuthenticatorBase.invoke(AuthenticatorBase.java:526)
		at org.apache.catalina.core.StandardHostValve.invoke(StandardHostValve.java:139)
		at org.apache.catalina.valves.ErrorReportValve.invoke(ErrorReportValve.java:92)
		at org.apache.catalina.valves.AbstractAccessLogValve.invoke(AbstractAccessLogValve.java:678)
		at org.apache.catalina.core.StandardEngineValve.invoke(StandardEngineValve.java:74)
		at org.apache.catalina.connector.CoyoteAdapter.service(CoyoteAdapter.java:343)
		at org.apache.coyote.http11.Http11Processor.service(Http11Processor.java:408)
		at org.apache.coyote.AbstractProcessorLight.process(AbstractProcessorLight.java:66)
		at org.apache.coyote.AbstractProtocol$ConnectionHandler.process(AbstractProtocol.java:861)
		at org.apache.tomcat.util.net.NioEndpoint$SocketProcessor.doRun(NioEndpoint.java:1579)
		at org.apache.tomcat.util.net.SocketProcessorBase.run(SocketProcessorBase.java:49)
		at java.util.concurrent.ThreadPoolExecutor.runWorker(Unknown Source)
		at java.util.concurrent.ThreadPoolExecutor$Worker.run(Unknown Source)
		at org.apache.tomcat.util.threads.TaskThread$WrappingRunnable.run(TaskThread.java:61)
		at java.lang.Thread.run(Unknown Source)
17-Nov-2019 03:21:31.071 INFO [main] org.apache.catalina.core.ApplicationContext.log SessionListener: contextDestroyed()
17-Nov-2019 03:21:31.071 INFO [main] org.apache.catalina.core.ApplicationContext.log ContextListener: contextDestroyed()
17-Nov-2019 03:22:22.280 INFO [main] org.apache.catalina.core.ApplicationContext.log ContextListener: contextInitialized()
17-Nov-2019 03:22:22.280 INFO [main] org.apache.catalina.core.ApplicationContext.log SessionListener: contextInitialized()
17-Nov-2019 03:22:22.284 INFO [main] org.apache.catalina.core.ApplicationContext.log ContextListener: attributeAdded('StockTicker', 'async.Stockticker@d21a74c')
17-Nov-2019 03:24:18.105 SEVERE [http-nio-8080-exec-1] org.apache.catalina.core.StandardWrapperValve.invoke Servlet.service() for servlet [jsp] in context with path [/project] threw exception [Unable to compile class for JSP: 

An error occurred at line: [33] in the jsp file: [/checkRegistration.jsp]
concurrent.TimeUnit.SECONDS cannot be resolved to a type
30:             int outcome = 0;
31:             outcome = psa.executeUpdate();
32: 
33:             concurrent.TimeUnit.SECONDS.sleep(5);
34:             out.print(outcome);
35:             out.print(enter);
36:             if (outcome == 0) 


Stacktrace:] with root cause
	org.apache.jasper.JasperException: Unable to compile class for JSP: 

An error occurred at line: [33] in the jsp file: [/checkRegistration.jsp]
concurrent.TimeUnit.SECONDS cannot be resolved to a type
30:             int outcome = 0;
31:             outcome = psa.executeUpdate();
32: 
33:             concurrent.TimeUnit.SECONDS.sleep(5);
34:             out.print(outcome);
35:             out.print(enter);
36:             if (outcome == 0) 


Stacktrace:
		at org.apache.jasper.compiler.DefaultErrorHandler.javacError(DefaultErrorHandler.java:103)
		at org.apache.jasper.compiler.ErrorDispatcher.javacError(ErrorDispatcher.java:213)
		at org.apache.jasper.compiler.JDTCompiler.generateClass(JDTCompiler.java:519)
		at org.apache.jasper.compiler.Compiler.compile(Compiler.java:392)
		at org.apache.jasper.compiler.Compiler.compile(Compiler.java:362)
		at org.apache.jasper.compiler.Compiler.compile(Compiler.java:346)
		at org.apache.jasper.JspCompilationContext.compile(JspCompilationContext.java:603)
		at org.apache.jasper.servlet.JspServletWrapper.service(JspServletWrapper.java:399)
		at org.apache.jasper.servlet.JspServlet.serviceJspFile(JspServlet.java:385)
		at org.apache.jasper.servlet.JspServlet.service(JspServlet.java:329)
		at javax.servlet.http.HttpServlet.service(HttpServlet.java:741)
		at org.apache.catalina.core.ApplicationFilterChain.internalDoFilter(ApplicationFilterChain.java:231)
		at org.apache.catalina.core.ApplicationFilterChain.doFilter(ApplicationFilterChain.java:166)
		at org.apache.tomcat.websocket.server.WsFilter.doFilter(WsFilter.java:53)
		at org.apache.catalina.core.ApplicationFilterChain.internalDoFilter(ApplicationFilterChain.java:193)
		at org.apache.catalina.core.ApplicationFilterChain.doFilter(ApplicationFilterChain.java:166)
		at org.apache.catalina.core.StandardWrapperValve.invoke(StandardWrapperValve.java:202)
		at org.apache.catalina.core.StandardContextValve.invoke(StandardContextValve.java:96)
		at org.apache.catalina.authenticator.AuthenticatorBase.invoke(AuthenticatorBase.java:526)
		at org.apache.catalina.core.StandardHostValve.invoke(StandardHostValve.java:139)
		at org.apache.catalina.valves.ErrorReportValve.invoke(ErrorReportValve.java:92)
		at org.apache.catalina.valves.AbstractAccessLogValve.invoke(AbstractAccessLogValve.java:678)
		at org.apache.catalina.core.StandardEngineValve.invoke(StandardEngineValve.java:74)
		at org.apache.catalina.connector.CoyoteAdapter.service(CoyoteAdapter.java:343)
		at org.apache.coyote.http11.Http11Processor.service(Http11Processor.java:408)
		at org.apache.coyote.AbstractProcessorLight.process(AbstractProcessorLight.java:66)
		at org.apache.coyote.AbstractProtocol$ConnectionHandler.process(AbstractProtocol.java:861)
		at org.apache.tomcat.util.net.NioEndpoint$SocketProcessor.doRun(NioEndpoint.java:1579)
		at org.apache.tomcat.util.net.SocketProcessorBase.run(SocketProcessorBase.java:49)
		at java.util.concurrent.ThreadPoolExecutor.runWorker(Unknown Source)
		at java.util.concurrent.ThreadPoolExecutor$Worker.run(Unknown Source)
		at org.apache.tomcat.util.threads.TaskThread$WrappingRunnable.run(TaskThread.java:61)
		at java.lang.Thread.run(Unknown Source)
17-Nov-2019 03:25:45.171 INFO [main] org.apache.catalina.core.ApplicationContext.log SessionListener: contextDestroyed()
17-Nov-2019 03:25:45.171 INFO [main] org.apache.catalina.core.ApplicationContext.log ContextListener: contextDestroyed()
17-Nov-2019 03:26:18.401 INFO [main] org.apache.catalina.core.ApplicationContext.log ContextListener: contextInitialized()
17-Nov-2019 03:26:18.401 INFO [main] org.apache.catalina.core.ApplicationContext.log SessionListener: contextInitialized()
17-Nov-2019 03:26:18.401 INFO [main] org.apache.catalina.core.ApplicationContext.log ContextListener: attributeAdded('StockTicker', 'async.Stockticker@d21a74c')
17-Nov-2019 03:27:09.628 SEVERE [http-nio-8080-exec-7] org.apache.catalina.core.StandardWrapperValve.invoke Servlet.service() for servlet [jsp] in context with path [/project] threw exception [Unable to compile class for JSP: 

An error occurred at line: [33] in the jsp file: [/checkRegistration.jsp]
util.concurrent.TimeUnit.SECONDS cannot be resolved to a type
30:             int outcome = 0;
31:             outcome = psa.executeUpdate();
32: 
33:             util.concurrent.TimeUnit.SECONDS.sleep(5);
34:             out.print(outcome);
35:             out.print(enter);
36:             if (outcome == 0) 


Stacktrace:] with root cause
	org.apache.jasper.JasperException: Unable to compile class for JSP: 

An error occurred at line: [33] in the jsp file: [/checkRegistration.jsp]
util.concurrent.TimeUnit.SECONDS cannot be resolved to a type
30:             int outcome = 0;
31:             outcome = psa.executeUpdate();
32: 
33:             util.concurrent.TimeUnit.SECONDS.sleep(5);
34:             out.print(outcome);
35:             out.print(enter);
36:             if (outcome == 0) 


Stacktrace:
		at org.apache.jasper.compiler.DefaultErrorHandler.javacError(DefaultErrorHandler.java:103)
		at org.apache.jasper.compiler.ErrorDispatcher.javacError(ErrorDispatcher.java:213)
		at org.apache.jasper.compiler.JDTCompiler.generateClass(JDTCompiler.java:519)
		at org.apache.jasper.compiler.Compiler.compile(Compiler.java:392)
		at org.apache.jasper.compiler.Compiler.compile(Compiler.java:362)
		at org.apache.jasper.compiler.Compiler.compile(Compiler.java:346)
		at org.apache.jasper.JspCompilationContext.compile(JspCompilationContext.java:603)
		at org.apache.jasper.servlet.JspServletWrapper.service(JspServletWrapper.java:399)
		at org.apache.jasper.servlet.JspServlet.serviceJspFile(JspServlet.java:385)
		at org.apache.jasper.servlet.JspServlet.service(JspServlet.java:329)
		at javax.servlet.http.HttpServlet.service(HttpServlet.java:741)
		at org.apache.catalina.core.ApplicationFilterChain.internalDoFilter(ApplicationFilterChain.java:231)
		at org.apache.catalina.core.ApplicationFilterChain.doFilter(ApplicationFilterChain.java:166)
		at org.apache.tomcat.websocket.server.WsFilter.doFilter(WsFilter.java:53)
		at org.apache.catalina.core.ApplicationFilterChain.internalDoFilter(ApplicationFilterChain.java:193)
		at org.apache.catalina.core.ApplicationFilterChain.doFilter(ApplicationFilterChain.java:166)
		at org.apache.catalina.core.StandardWrapperValve.invoke(StandardWrapperValve.java:202)
		at org.apache.catalina.core.StandardContextValve.invoke(StandardContextValve.java:96)
		at org.apache.catalina.authenticator.AuthenticatorBase.invoke(AuthenticatorBase.java:526)
		at org.apache.catalina.core.StandardHostValve.invoke(StandardHostValve.java:139)
		at org.apache.catalina.valves.ErrorReportValve.invoke(ErrorReportValve.java:92)
		at org.apache.catalina.valves.AbstractAccessLogValve.invoke(AbstractAccessLogValve.java:678)
		at org.apache.catalina.core.StandardEngineValve.invoke(StandardEngineValve.java:74)
		at org.apache.catalina.connector.CoyoteAdapter.service(CoyoteAdapter.java:343)
		at org.apache.coyote.http11.Http11Processor.service(Http11Processor.java:408)
		at org.apache.coyote.AbstractProcessorLight.process(AbstractProcessorLight.java:66)
		at org.apache.coyote.AbstractProtocol$ConnectionHandler.process(AbstractProtocol.java:861)
		at org.apache.tomcat.util.net.NioEndpoint$SocketProcessor.doRun(NioEndpoint.java:1579)
		at org.apache.tomcat.util.net.SocketProcessorBase.run(SocketProcessorBase.java:49)
		at java.util.concurrent.ThreadPoolExecutor.runWorker(Unknown Source)
		at java.util.concurrent.ThreadPoolExecutor$Worker.run(Unknown Source)
		at org.apache.tomcat.util.threads.TaskThread$WrappingRunnable.run(TaskThread.java:61)
		at java.lang.Thread.run(Unknown Source)
17-Nov-2019 03:29:07.256 INFO [main] org.apache.catalina.core.ApplicationContext.log SessionListener: contextDestroyed()
17-Nov-2019 03:29:07.256 INFO [main] org.apache.catalina.core.ApplicationContext.log ContextListener: contextDestroyed()
17-Nov-2019 03:29:32.876 INFO [main] org.apache.catalina.core.ApplicationContext.log ContextListener: contextInitialized()
17-Nov-2019 03:29:32.876 INFO [main] org.apache.catalina.core.ApplicationContext.log SessionListener: contextInitialized()
17-Nov-2019 03:29:32.884 INFO [main] org.apache.catalina.core.ApplicationContext.log ContextListener: attributeAdded('StockTicker', 'async.Stockticker@d21a74c')
17-Nov-2019 03:30:35.616 INFO [main] org.apache.catalina.core.ApplicationContext.log SessionListener: contextDestroyed()
17-Nov-2019 03:30:35.616 INFO [main] org.apache.catalina.core.ApplicationContext.log ContextListener: contextDestroyed()
17-Nov-2019 03:31:41.095 INFO [main] org.apache.catalina.core.ApplicationContext.log ContextListener: contextInitialized()
17-Nov-2019 03:31:41.095 INFO [main] org.apache.catalina.core.ApplicationContext.log SessionListener: contextInitialized()
17-Nov-2019 03:31:41.103 INFO [main] org.apache.catalina.core.ApplicationContext.log ContextListener: attributeAdded('StockTicker', 'async.Stockticker@7a675056')
17-Nov-2019 03:37:06.101 INFO [main] org.apache.catalina.core.ApplicationContext.log SessionListener: contextDestroyed()
17-Nov-2019 03:37:06.101 INFO [main] org.apache.catalina.core.ApplicationContext.log ContextListener: contextDestroyed()
17-Nov-2019 03:39:34.574 INFO [main] org.apache.catalina.core.ApplicationContext.log ContextListener: contextInitialized()
17-Nov-2019 03:39:34.574 INFO [main] org.apache.catalina.core.ApplicationContext.log SessionListener: contextInitialized()
17-Nov-2019 03:39:34.577 INFO [main] org.apache.catalina.core.ApplicationContext.log ContextListener: attributeAdded('StockTicker', 'async.Stockticker@d21a74c')
17-Nov-2019 03:42:55.107 INFO [main] org.apache.catalina.core.ApplicationContext.log SessionListener: contextDestroyed()
17-Nov-2019 03:42:55.107 INFO [main] org.apache.catalina.core.ApplicationContext.log ContextListener: contextDestroyed()
17-Nov-2019 03:43:18.320 INFO [main] org.apache.catalina.core.ApplicationContext.log ContextListener: contextInitialized()
17-Nov-2019 03:43:18.320 INFO [main] org.apache.catalina.core.ApplicationContext.log SessionListener: contextInitialized()
17-Nov-2019 03:43:18.325 INFO [main] org.apache.catalina.core.ApplicationContext.log ContextListener: attributeAdded('StockTicker', 'async.Stockticker@d21a74c')
17-Nov-2019 03:43:50.988 SEVERE [http-nio-8080-exec-6] org.apache.catalina.core.StandardWrapperValve.invoke Servlet.service() for servlet [jsp] in context with path [/project] threw exception [Unable to compile class for JSP: 

An error occurred at line: [33] in the jsp file: [/checkRegistration.jsp]
Syntax error, insert ";" to complete Statement
30:             psa.setString(5, email);
31:             
32:             int outcome = 0;
33:             out.print("Querying...\n")
34:             outcome = psa.executeUpdate();
35:             out.print("Queried\n")
36:             out.print(outcome);


An error occurred at line: [35] in the jsp file: [/checkRegistration.jsp]
Syntax error, insert ";" to complete Statement
32:             int outcome = 0;
33:             out.print("Querying...\n")
34:             outcome = psa.executeUpdate();
35:             out.print("Queried\n")
36:             out.print(outcome);
37:             out.print(enter);
38:             TimeUnit.SECONDS.sleep(5);


An error occurred at line: [58] in the jsp file: [/checkRegistration.jsp]
Syntax error, insert ";" to complete Statement
55:     } catch(Exception e) 
56:     {
57:         out.print("<p>Server Connection Error.</p>");
58:         out.print(e)
59:         e.printStackTrace();
60:     } 
61:     finally 


Stacktrace:] with root cause
	org.apache.jasper.JasperException: Unable to compile class for JSP: 

An error occurred at line: [33] in the jsp file: [/checkRegistration.jsp]
Syntax error, insert ";" to complete Statement
30:             psa.setString(5, email);
31:             
32:             int outcome = 0;
33:             out.print("Querying...\n")
34:             outcome = psa.executeUpdate();
35:             out.print("Queried\n")
36:             out.print(outcome);


An error occurred at line: [35] in the jsp file: [/checkRegistration.jsp]
Syntax error, insert ";" to complete Statement
32:             int outcome = 0;
33:             out.print("Querying...\n")
34:             outcome = psa.executeUpdate();
35:             out.print("Queried\n")
36:             out.print(outcome);
37:             out.print(enter);
38:             TimeUnit.SECONDS.sleep(5);


An error occurred at line: [58] in the jsp file: [/checkRegistration.jsp]
Syntax error, insert ";" to complete Statement
55:     } catch(Exception e) 
56:     {
57:         out.print("<p>Server Connection Error.</p>");
58:         out.print(e)
59:         e.printStackTrace();
60:     } 
61:     finally 


Stacktrace:
		at org.apache.jasper.compiler.DefaultErrorHandler.javacError(DefaultErrorHandler.java:103)
		at org.apache.jasper.compiler.ErrorDispatcher.javacError(ErrorDispatcher.java:213)
		at org.apache.jasper.compiler.JDTCompiler.generateClass(JDTCompiler.java:519)
		at org.apache.jasper.compiler.Compiler.compile(Compiler.java:392)
		at org.apache.jasper.compiler.Compiler.compile(Compiler.java:362)
		at org.apache.jasper.compiler.Compiler.compile(Compiler.java:346)
		at org.apache.jasper.JspCompilationContext.compile(JspCompilationContext.java:603)
		at org.apache.jasper.servlet.JspServletWrapper.service(JspServletWrapper.java:399)
		at org.apache.jasper.servlet.JspServlet.serviceJspFile(JspServlet.java:385)
		at org.apache.jasper.servlet.JspServlet.service(JspServlet.java:329)
		at javax.servlet.http.HttpServlet.service(HttpServlet.java:741)
		at org.apache.catalina.core.ApplicationFilterChain.internalDoFilter(ApplicationFilterChain.java:231)
		at org.apache.catalina.core.ApplicationFilterChain.doFilter(ApplicationFilterChain.java:166)
		at org.apache.tomcat.websocket.server.WsFilter.doFilter(WsFilter.java:53)
		at org.apache.catalina.core.ApplicationFilterChain.internalDoFilter(ApplicationFilterChain.java:193)
		at org.apache.catalina.core.ApplicationFilterChain.doFilter(ApplicationFilterChain.java:166)
		at org.apache.catalina.core.StandardWrapperValve.invoke(StandardWrapperValve.java:202)
		at org.apache.catalina.core.StandardContextValve.invoke(StandardContextValve.java:96)
		at org.apache.catalina.authenticator.AuthenticatorBase.invoke(AuthenticatorBase.java:526)
		at org.apache.catalina.core.StandardHostValve.invoke(StandardHostValve.java:139)
		at org.apache.catalina.valves.ErrorReportValve.invoke(ErrorReportValve.java:92)
		at org.apache.catalina.valves.AbstractAccessLogValve.invoke(AbstractAccessLogValve.java:678)
		at org.apache.catalina.core.StandardEngineValve.invoke(StandardEngineValve.java:74)
		at org.apache.catalina.connector.CoyoteAdapter.service(CoyoteAdapter.java:343)
		at org.apache.coyote.http11.Http11Processor.service(Http11Processor.java:408)
		at org.apache.coyote.AbstractProcessorLight.process(AbstractProcessorLight.java:66)
		at org.apache.coyote.AbstractProtocol$ConnectionHandler.process(AbstractProtocol.java:861)
		at org.apache.tomcat.util.net.NioEndpoint$SocketProcessor.doRun(NioEndpoint.java:1579)
		at org.apache.tomcat.util.net.SocketProcessorBase.run(SocketProcessorBase.java:49)
		at java.util.concurrent.ThreadPoolExecutor.runWorker(Unknown Source)
		at java.util.concurrent.ThreadPoolExecutor$Worker.run(Unknown Source)
		at org.apache.tomcat.util.threads.TaskThread$WrappingRunnable.run(TaskThread.java:61)
		at java.lang.Thread.run(Unknown Source)
17-Nov-2019 03:44:20.990 INFO [main] org.apache.catalina.core.ApplicationContext.log SessionListener: contextDestroyed()
17-Nov-2019 03:44:20.990 INFO [main] org.apache.catalina.core.ApplicationContext.log ContextListener: contextDestroyed()
17-Nov-2019 03:44:47.871 INFO [main] org.apache.catalina.core.ApplicationContext.log ContextListener: contextInitialized()
17-Nov-2019 03:44:47.871 INFO [main] org.apache.catalina.core.ApplicationContext.log SessionListener: contextInitialized()
17-Nov-2019 03:44:47.871 INFO [main] org.apache.catalina.core.ApplicationContext.log ContextListener: attributeAdded('StockTicker', 'async.Stockticker@d21a74c')
17-Nov-2019 03:48:17.568 INFO [main] org.apache.catalina.core.ApplicationContext.log SessionListener: contextDestroyed()
17-Nov-2019 03:48:17.568 INFO [main] org.apache.catalina.core.ApplicationContext.log ContextListener: contextDestroyed()
17-Nov-2019 03:49:02.013 INFO [main] org.apache.catalina.core.ApplicationContext.log ContextListener: contextInitialized()
17-Nov-2019 03:49:02.013 INFO [main] org.apache.catalina.core.ApplicationContext.log SessionListener: contextInitialized()
17-Nov-2019 03:49:02.018 INFO [main] org.apache.catalina.core.ApplicationContext.log ContextListener: attributeAdded('StockTicker', 'async.Stockticker@d21a74c')
17-Nov-2019 03:53:16.211 INFO [main] org.apache.catalina.core.ApplicationContext.log SessionListener: contextDestroyed()
17-Nov-2019 03:53:16.211 INFO [main] org.apache.catalina.core.ApplicationContext.log ContextListener: contextDestroyed()
17-Nov-2019 03:54:33.820 INFO [main] org.apache.catalina.core.ApplicationContext.log ContextListener: contextInitialized()
17-Nov-2019 03:54:33.820 INFO [main] org.apache.catalina.core.ApplicationContext.log SessionListener: contextInitialized()
17-Nov-2019 03:54:33.824 INFO [main] org.apache.catalina.core.ApplicationContext.log ContextListener: attributeAdded('StockTicker', 'async.Stockticker@7a675056')
17-Nov-2019 03:55:33.481 INFO [main] org.apache.catalina.core.ApplicationContext.log SessionListener: contextDestroyed()
17-Nov-2019 03:55:33.481 INFO [main] org.apache.catalina.core.ApplicationContext.log ContextListener: contextDestroyed()
17-Nov-2019 03:56:09.471 INFO [main] org.apache.catalina.core.ApplicationContext.log ContextListener: contextInitialized()
17-Nov-2019 03:56:09.471 INFO [main] org.apache.catalina.core.ApplicationContext.log SessionListener: contextInitialized()
17-Nov-2019 03:56:09.487 INFO [main] org.apache.catalina.core.ApplicationContext.log ContextListener: attributeAdded('StockTicker', 'async.Stockticker@d21a74c')
17-Nov-2019 04:28:17.259 INFO [main] org.apache.catalina.core.ApplicationContext.log SessionListener: contextDestroyed()
17-Nov-2019 04:28:17.259 INFO [main] org.apache.catalina.core.ApplicationContext.log ContextListener: contextDestroyed()
17-Nov-2019 04:28:58.153 INFO [main] org.apache.catalina.core.ApplicationContext.log ContextListener: contextInitialized()
17-Nov-2019 04:28:58.153 INFO [main] org.apache.catalina.core.ApplicationContext.log SessionListener: contextInitialized()
17-Nov-2019 04:28:58.160 INFO [main] org.apache.catalina.core.ApplicationContext.log ContextListener: attributeAdded('StockTicker', 'async.Stockticker@58ea606c')
17-Nov-2019 04:31:22.992 INFO [main] org.apache.catalina.core.ApplicationContext.log SessionListener: contextDestroyed()
17-Nov-2019 04:31:22.992 INFO [main] org.apache.catalina.core.ApplicationContext.log ContextListener: contextDestroyed()
17-Nov-2019 04:50:26.266 INFO [main] org.apache.catalina.core.ApplicationContext.log ContextListener: contextInitialized()
17-Nov-2019 04:50:26.266 INFO [main] org.apache.catalina.core.ApplicationContext.log SessionListener: contextInitialized()
17-Nov-2019 04:50:26.272 INFO [main] org.apache.catalina.core.ApplicationContext.log ContextListener: attributeAdded('StockTicker', 'async.Stockticker@d21a74c')
17-Nov-2019 04:52:29.551 INFO [main] org.apache.catalina.core.ApplicationContext.log SessionListener: contextDestroyed()
17-Nov-2019 04:52:29.551 INFO [main] org.apache.catalina.core.ApplicationContext.log ContextListener: contextDestroyed()
17-Nov-2019 21:50:53.864 INFO [main] org.apache.catalina.core.ApplicationContext.log ContextListener: contextInitialized()
17-Nov-2019 21:50:53.864 INFO [main] org.apache.catalina.core.ApplicationContext.log SessionListener: contextInitialized()
17-Nov-2019 21:50:53.869 INFO [main] org.apache.catalina.core.ApplicationContext.log ContextListener: attributeAdded('StockTicker', 'async.Stockticker@6a2b953e')
17-Nov-2019 21:55:35.351 INFO [main] org.apache.catalina.core.ApplicationContext.log SessionListener: contextDestroyed()
17-Nov-2019 21:55:35.351 INFO [main] org.apache.catalina.core.ApplicationContext.log ContextListener: contextDestroyed()
17-Nov-2019 23:33:44.467 INFO [main] org.apache.catalina.core.ApplicationContext.log ContextListener: contextInitialized()
17-Nov-2019 23:33:44.467 INFO [main] org.apache.catalina.core.ApplicationContext.log SessionListener: contextInitialized()
17-Nov-2019 23:33:44.470 INFO [main] org.apache.catalina.core.ApplicationContext.log ContextListener: attributeAdded('StockTicker', 'async.Stockticker@2898ac89')
17-Nov-2019 23:37:34.133 INFO [main] org.apache.catalina.core.ApplicationContext.log SessionListener: contextDestroyed()
17-Nov-2019 23:37:34.134 INFO [main] org.apache.catalina.core.ApplicationContext.log ContextListener: contextDestroyed()
17-Nov-2019 23:37:59.139 INFO [main] org.apache.catalina.core.ApplicationContext.log ContextListener: contextInitialized()
17-Nov-2019 23:37:59.139 INFO [main] org.apache.catalina.core.ApplicationContext.log SessionListener: contextInitialized()
17-Nov-2019 23:37:59.145 INFO [main] org.apache.catalina.core.ApplicationContext.log ContextListener: attributeAdded('StockTicker', 'async.Stockticker@2898ac89')
17-Nov-2019 23:38:58.931 SEVERE [http-nio-8080-exec-6] org.apache.catalina.core.StandardWrapperValve.invoke Servlet.service() for servlet [jsp] in context with path [/project] threw exception [Unable to compile class for JSP: 

An error occurred at line: [51] in the jsp file: [/checkRegistration.jsp]
The method print(Exception) is undefined for the type checkRegistration_jsp
48:     } catch(Exception e) 
49:     {
50:         out.print("<p>Server Connection Error.</p>");
51:         print(e);
52:         e.printStackTrace();
53:     } 
54:     finally 


Stacktrace:] with root cause
	org.apache.jasper.JasperException: Unable to compile class for JSP: 

An error occurred at line: [51] in the jsp file: [/checkRegistration.jsp]
The method print(Exception) is undefined for the type checkRegistration_jsp
48:     } catch(Exception e) 
49:     {
50:         out.print("<p>Server Connection Error.</p>");
51:         print(e);
52:         e.printStackTrace();
53:     } 
54:     finally 


Stacktrace:
		at org.apache.jasper.compiler.DefaultErrorHandler.javacError(DefaultErrorHandler.java:103)
		at org.apache.jasper.compiler.ErrorDispatcher.javacError(ErrorDispatcher.java:213)
		at org.apache.jasper.compiler.JDTCompiler.generateClass(JDTCompiler.java:519)
		at org.apache.jasper.compiler.Compiler.compile(Compiler.java:392)
		at org.apache.jasper.compiler.Compiler.compile(Compiler.java:362)
		at org.apache.jasper.compiler.Compiler.compile(Compiler.java:346)
		at org.apache.jasper.JspCompilationContext.compile(JspCompilationContext.java:603)
		at org.apache.jasper.servlet.JspServletWrapper.service(JspServletWrapper.java:399)
		at org.apache.jasper.servlet.JspServlet.serviceJspFile(JspServlet.java:385)
		at org.apache.jasper.servlet.JspServlet.service(JspServlet.java:329)
		at javax.servlet.http.HttpServlet.service(HttpServlet.java:741)
		at org.apache.catalina.core.ApplicationFilterChain.internalDoFilter(ApplicationFilterChain.java:231)
		at org.apache.catalina.core.ApplicationFilterChain.doFilter(ApplicationFilterChain.java:166)
		at org.apache.tomcat.websocket.server.WsFilter.doFilter(WsFilter.java:53)
		at org.apache.catalina.core.ApplicationFilterChain.internalDoFilter(ApplicationFilterChain.java:193)
		at org.apache.catalina.core.ApplicationFilterChain.doFilter(ApplicationFilterChain.java:166)
		at org.apache.catalina.core.StandardWrapperValve.invoke(StandardWrapperValve.java:202)
		at org.apache.catalina.core.StandardContextValve.invoke(StandardContextValve.java:96)
		at org.apache.catalina.authenticator.AuthenticatorBase.invoke(AuthenticatorBase.java:526)
		at org.apache.catalina.core.StandardHostValve.invoke(StandardHostValve.java:139)
		at org.apache.catalina.valves.ErrorReportValve.invoke(ErrorReportValve.java:92)
		at org.apache.catalina.valves.AbstractAccessLogValve.invoke(AbstractAccessLogValve.java:678)
		at org.apache.catalina.core.StandardEngineValve.invoke(StandardEngineValve.java:74)
		at org.apache.catalina.connector.CoyoteAdapter.service(CoyoteAdapter.java:343)
		at org.apache.coyote.http11.Http11Processor.service(Http11Processor.java:408)
		at org.apache.coyote.AbstractProcessorLight.process(AbstractProcessorLight.java:66)
		at org.apache.coyote.AbstractProtocol$ConnectionHandler.process(AbstractProtocol.java:861)
		at org.apache.tomcat.util.net.NioEndpoint$SocketProcessor.doRun(NioEndpoint.java:1579)
		at org.apache.tomcat.util.net.SocketProcessorBase.run(SocketProcessorBase.java:49)
		at java.util.concurrent.ThreadPoolExecutor.runWorker(Unknown Source)
		at java.util.concurrent.ThreadPoolExecutor$Worker.run(Unknown Source)
		at org.apache.tomcat.util.threads.TaskThread$WrappingRunnable.run(TaskThread.java:61)
		at java.lang.Thread.run(Unknown Source)
17-Nov-2019 23:39:24.307 INFO [main] org.apache.catalina.core.ApplicationContext.log SessionListener: contextDestroyed()
17-Nov-2019 23:39:24.307 INFO [main] org.apache.catalina.core.ApplicationContext.log ContextListener: contextDestroyed()
17-Nov-2019 23:39:48.921 INFO [main] org.apache.catalina.core.ApplicationContext.log ContextListener: contextInitialized()
17-Nov-2019 23:39:48.921 INFO [main] org.apache.catalina.core.ApplicationContext.log SessionListener: contextInitialized()
17-Nov-2019 23:39:48.921 INFO [main] org.apache.catalina.core.ApplicationContext.log ContextListener: attributeAdded('StockTicker', 'async.Stockticker@2898ac89')
17-Nov-2019 23:42:37.363 INFO [main] org.apache.catalina.core.ApplicationContext.log SessionListener: contextDestroyed()
17-Nov-2019 23:42:37.363 INFO [main] org.apache.catalina.core.ApplicationContext.log ContextListener: contextDestroyed()
17-Nov-2019 23:43:09.906 INFO [main] org.apache.catalina.core.ApplicationContext.log ContextListener: contextInitialized()
17-Nov-2019 23:43:09.906 INFO [main] org.apache.catalina.core.ApplicationContext.log SessionListener: contextInitialized()
17-Nov-2019 23:43:09.908 INFO [main] org.apache.catalina.core.ApplicationContext.log ContextListener: attributeAdded('StockTicker', 'async.Stockticker@313b2ea6')
17-Nov-2019 23:43:28.782 SEVERE [http-nio-8080-exec-5] org.apache.catalina.core.StandardWrapperValve.invoke Servlet.service() for servlet [jsp] in context with path [/project] threw exception [Unable to compile class for JSP: 

An error occurred at line: [49] in the jsp file: [/checkRegistration.jsp]
Syntax error, insert "VariableDeclaratorId" to complete FormalParameter
46: 			return;
47: 		}
48:     } 
49:     catch (java.sql.SQLIntegrityConstraintViolationException)
50:     {
51:         out.print("That username is taken. Go back and try again.");
52:     }


Stacktrace:] with root cause
	org.apache.jasper.JasperException: Unable to compile class for JSP: 

An error occurred at line: [49] in the jsp file: [/checkRegistration.jsp]
Syntax error, insert "VariableDeclaratorId" to complete FormalParameter
46: 			return;
47: 		}
48:     } 
49:     catch (java.sql.SQLIntegrityConstraintViolationException)
50:     {
51:         out.print("That username is taken. Go back and try again.");
52:     }


Stacktrace:
		at org.apache.jasper.compiler.DefaultErrorHandler.javacError(DefaultErrorHandler.java:103)
		at org.apache.jasper.compiler.ErrorDispatcher.javacError(ErrorDispatcher.java:213)
		at org.apache.jasper.compiler.JDTCompiler.generateClass(JDTCompiler.java:519)
		at org.apache.jasper.compiler.Compiler.compile(Compiler.java:392)
		at org.apache.jasper.compiler.Compiler.compile(Compiler.java:362)
		at org.apache.jasper.compiler.Compiler.compile(Compiler.java:346)
		at org.apache.jasper.JspCompilationContext.compile(JspCompilationContext.java:603)
		at org.apache.jasper.servlet.JspServletWrapper.service(JspServletWrapper.java:399)
		at org.apache.jasper.servlet.JspServlet.serviceJspFile(JspServlet.java:385)
		at org.apache.jasper.servlet.JspServlet.service(JspServlet.java:329)
		at javax.servlet.http.HttpServlet.service(HttpServlet.java:741)
		at org.apache.catalina.core.ApplicationFilterChain.internalDoFilter(ApplicationFilterChain.java:231)
		at org.apache.catalina.core.ApplicationFilterChain.doFilter(ApplicationFilterChain.java:166)
		at org.apache.tomcat.websocket.server.WsFilter.doFilter(WsFilter.java:53)
		at org.apache.catalina.core.ApplicationFilterChain.internalDoFilter(ApplicationFilterChain.java:193)
		at org.apache.catalina.core.ApplicationFilterChain.doFilter(ApplicationFilterChain.java:166)
		at org.apache.catalina.core.StandardWrapperValve.invoke(StandardWrapperValve.java:202)
		at org.apache.catalina.core.StandardContextValve.invoke(StandardContextValve.java:96)
		at org.apache.catalina.authenticator.AuthenticatorBase.invoke(AuthenticatorBase.java:526)
		at org.apache.catalina.core.StandardHostValve.invoke(StandardHostValve.java:139)
		at org.apache.catalina.valves.ErrorReportValve.invoke(ErrorReportValve.java:92)
		at org.apache.catalina.valves.AbstractAccessLogValve.invoke(AbstractAccessLogValve.java:678)
		at org.apache.catalina.core.StandardEngineValve.invoke(StandardEngineValve.java:74)
		at org.apache.catalina.connector.CoyoteAdapter.service(CoyoteAdapter.java:343)
		at org.apache.coyote.http11.Http11Processor.service(Http11Processor.java:408)
		at org.apache.coyote.AbstractProcessorLight.process(AbstractProcessorLight.java:66)
		at org.apache.coyote.AbstractProtocol$ConnectionHandler.process(AbstractProtocol.java:861)
		at org.apache.tomcat.util.net.NioEndpoint$SocketProcessor.doRun(NioEndpoint.java:1579)
		at org.apache.tomcat.util.net.SocketProcessorBase.run(SocketProcessorBase.java:49)
		at java.util.concurrent.ThreadPoolExecutor.runWorker(Unknown Source)
		at java.util.concurrent.ThreadPoolExecutor$Worker.run(Unknown Source)
		at org.apache.tomcat.util.threads.TaskThread$WrappingRunnable.run(TaskThread.java:61)
		at java.lang.Thread.run(Unknown Source)
17-Nov-2019 23:44:59.835 INFO [main] org.apache.catalina.core.ApplicationContext.log SessionListener: contextDestroyed()
17-Nov-2019 23:44:59.835 INFO [main] org.apache.catalina.core.ApplicationContext.log ContextListener: contextDestroyed()
17-Nov-2019 23:45:25.173 INFO [main] org.apache.catalina.core.ApplicationContext.log ContextListener: contextInitialized()
17-Nov-2019 23:45:25.173 INFO [main] org.apache.catalina.core.ApplicationContext.log SessionListener: contextInitialized()
17-Nov-2019 23:45:25.175 INFO [main] org.apache.catalina.core.ApplicationContext.log ContextListener: attributeAdded('StockTicker', 'async.Stockticker@313b2ea6')
17-Nov-2019 23:45:42.704 SEVERE [http-nio-8080-exec-6] org.apache.catalina.core.StandardWrapperValve.invoke Servlet.service() for servlet [jsp] in context with path [/project] threw exception [Unable to compile class for JSP: 

An error occurred at line: [50] in the jsp file: [/checkRegistration.jsp]
java.sql.SQLIntegrityConstraintViolationException cannot be resolved to a variable
47: 		}
48:     }catch(Exception e) 
49:     {
50:         if(e == java.sql.SQLIntegrityConstraintViolationException)
51:         {
52:             print("That username is taken. Go back and try again.")
53:         }


An error occurred at line: [52] in the jsp file: [/checkRegistration.jsp]
The method print(String) is undefined for the type checkRegistration_jsp
49:     {
50:         if(e == java.sql.SQLIntegrityConstraintViolationException)
51:         {
52:             print("That username is taken. Go back and try again.")
53:         }
54:         else{
55:         out.print("<p>Server Connection Error.</p>");


An error occurred at line: [52] in the jsp file: [/checkRegistration.jsp]
Syntax error, insert ";" to complete BlockStatements
49:     {
50:         if(e == java.sql.SQLIntegrityConstraintViolationException)
51:         {
52:             print("That username is taken. Go back and try again.")
53:         }
54:         else{
55:         out.print("<p>Server Connection Error.</p>");


Stacktrace:] with root cause
	org.apache.jasper.JasperException: Unable to compile class for JSP: 

An error occurred at line: [50] in the jsp file: [/checkRegistration.jsp]
java.sql.SQLIntegrityConstraintViolationException cannot be resolved to a variable
47: 		}
48:     }catch(Exception e) 
49:     {
50:         if(e == java.sql.SQLIntegrityConstraintViolationException)
51:         {
52:             print("That username is taken. Go back and try again.")
53:         }


An error occurred at line: [52] in the jsp file: [/checkRegistration.jsp]
The method print(String) is undefined for the type checkRegistration_jsp
49:     {
50:         if(e == java.sql.SQLIntegrityConstraintViolationException)
51:         {
52:             print("That username is taken. Go back and try again.")
53:         }
54:         else{
55:         out.print("<p>Server Connection Error.</p>");


An error occurred at line: [52] in the jsp file: [/checkRegistration.jsp]
Syntax error, insert ";" to complete BlockStatements
49:     {
50:         if(e == java.sql.SQLIntegrityConstraintViolationException)
51:         {
52:             print("That username is taken. Go back and try again.")
53:         }
54:         else{
55:         out.print("<p>Server Connection Error.</p>");


Stacktrace:
		at org.apache.jasper.compiler.DefaultErrorHandler.javacError(DefaultErrorHandler.java:103)
		at org.apache.jasper.compiler.ErrorDispatcher.javacError(ErrorDispatcher.java:213)
		at org.apache.jasper.compiler.JDTCompiler.generateClass(JDTCompiler.java:519)
		at org.apache.jasper.compiler.Compiler.compile(Compiler.java:392)
		at org.apache.jasper.compiler.Compiler.compile(Compiler.java:362)
		at org.apache.jasper.compiler.Compiler.compile(Compiler.java:346)
		at org.apache.jasper.JspCompilationContext.compile(JspCompilationContext.java:603)
		at org.apache.jasper.servlet.JspServletWrapper.service(JspServletWrapper.java:399)
		at org.apache.jasper.servlet.JspServlet.serviceJspFile(JspServlet.java:385)
		at org.apache.jasper.servlet.JspServlet.service(JspServlet.java:329)
		at javax.servlet.http.HttpServlet.service(HttpServlet.java:741)
		at org.apache.catalina.core.ApplicationFilterChain.internalDoFilter(ApplicationFilterChain.java:231)
		at org.apache.catalina.core.ApplicationFilterChain.doFilter(ApplicationFilterChain.java:166)
		at org.apache.tomcat.websocket.server.WsFilter.doFilter(WsFilter.java:53)
		at org.apache.catalina.core.ApplicationFilterChain.internalDoFilter(ApplicationFilterChain.java:193)
		at org.apache.catalina.core.ApplicationFilterChain.doFilter(ApplicationFilterChain.java:166)
		at org.apache.catalina.core.StandardWrapperValve.invoke(StandardWrapperValve.java:202)
		at org.apache.catalina.core.StandardContextValve.invoke(StandardContextValve.java:96)
		at org.apache.catalina.authenticator.AuthenticatorBase.invoke(AuthenticatorBase.java:526)
		at org.apache.catalina.core.StandardHostValve.invoke(StandardHostValve.java:139)
		at org.apache.catalina.valves.ErrorReportValve.invoke(ErrorReportValve.java:92)
		at org.apache.catalina.valves.AbstractAccessLogValve.invoke(AbstractAccessLogValve.java:678)
		at org.apache.catalina.core.StandardEngineValve.invoke(StandardEngineValve.java:74)
		at org.apache.catalina.connector.CoyoteAdapter.service(CoyoteAdapter.java:343)
		at org.apache.coyote.http11.Http11Processor.service(Http11Processor.java:408)
		at org.apache.coyote.AbstractProcessorLight.process(AbstractProcessorLight.java:66)
		at org.apache.coyote.AbstractProtocol$ConnectionHandler.process(AbstractProtocol.java:861)
		at org.apache.tomcat.util.net.NioEndpoint$SocketProcessor.doRun(NioEndpoint.java:1579)
		at org.apache.tomcat.util.net.SocketProcessorBase.run(SocketProcessorBase.java:49)
		at java.util.concurrent.ThreadPoolExecutor.runWorker(Unknown Source)
		at java.util.concurrent.ThreadPoolExecutor$Worker.run(Unknown Source)
		at org.apache.tomcat.util.threads.TaskThread$WrappingRunnable.run(TaskThread.java:61)
		at java.lang.Thread.run(Unknown Source)
17-Nov-2019 23:47:53.176 INFO [main] org.apache.catalina.core.ApplicationContext.log SessionListener: contextDestroyed()
17-Nov-2019 23:47:53.176 INFO [main] org.apache.catalina.core.ApplicationContext.log ContextListener: contextDestroyed()
17-Nov-2019 23:48:17.500 INFO [main] org.apache.catalina.core.ApplicationContext.log ContextListener: contextInitialized()
17-Nov-2019 23:48:17.500 INFO [main] org.apache.catalina.core.ApplicationContext.log SessionListener: contextInitialized()
17-Nov-2019 23:48:17.502 INFO [main] org.apache.catalina.core.ApplicationContext.log ContextListener: attributeAdded('StockTicker', 'async.Stockticker@313b2ea6')
17-Nov-2019 23:48:34.172 SEVERE [http-nio-8080-exec-7] org.apache.catalina.core.StandardWrapperValve.invoke Servlet.service() for servlet [jsp] in context with path [/project] threw exception [Unable to compile class for JSP: 

An error occurred at line: [52] in the jsp file: [/checkRegistration.jsp]
The method print(String) is undefined for the type checkRegistration_jsp
49:     {
50:         if(e instanceof java.sql.SQLIntegrityConstraintViolationException)
51:         {
52:             print("That username is taken. Go back and try again.")
53:         }
54:         else{
55:         out.print("<p>Server Connection Error.</p>");


An error occurred at line: [52] in the jsp file: [/checkRegistration.jsp]
Syntax error, insert ";" to complete BlockStatements
49:     {
50:         if(e instanceof java.sql.SQLIntegrityConstraintViolationException)
51:         {
52:             print("That username is taken. Go back and try again.")
53:         }
54:         else{
55:         out.print("<p>Server Connection Error.</p>");


Stacktrace:] with root cause
	org.apache.jasper.JasperException: Unable to compile class for JSP: 

An error occurred at line: [52] in the jsp file: [/checkRegistration.jsp]
The method print(String) is undefined for the type checkRegistration_jsp
49:     {
50:         if(e instanceof java.sql.SQLIntegrityConstraintViolationException)
51:         {
52:             print("That username is taken. Go back and try again.")
53:         }
54:         else{
55:         out.print("<p>Server Connection Error.</p>");


An error occurred at line: [52] in the jsp file: [/checkRegistration.jsp]
Syntax error, insert ";" to complete BlockStatements
49:     {
50:         if(e instanceof java.sql.SQLIntegrityConstraintViolationException)
51:         {
52:             print("That username is taken. Go back and try again.")
53:         }
54:         else{
55:         out.print("<p>Server Connection Error.</p>");


Stacktrace:
		at org.apache.jasper.compiler.DefaultErrorHandler.javacError(DefaultErrorHandler.java:103)
		at org.apache.jasper.compiler.ErrorDispatcher.javacError(ErrorDispatcher.java:213)
		at org.apache.jasper.compiler.JDTCompiler.generateClass(JDTCompiler.java:519)
		at org.apache.jasper.compiler.Compiler.compile(Compiler.java:392)
		at org.apache.jasper.compiler.Compiler.compile(Compiler.java:362)
		at org.apache.jasper.compiler.Compiler.compile(Compiler.java:346)
		at org.apache.jasper.JspCompilationContext.compile(JspCompilationContext.java:603)
		at org.apache.jasper.servlet.JspServletWrapper.service(JspServletWrapper.java:399)
		at org.apache.jasper.servlet.JspServlet.serviceJspFile(JspServlet.java:385)
		at org.apache.jasper.servlet.JspServlet.service(JspServlet.java:329)
		at javax.servlet.http.HttpServlet.service(HttpServlet.java:741)
		at org.apache.catalina.core.ApplicationFilterChain.internalDoFilter(ApplicationFilterChain.java:231)
		at org.apache.catalina.core.ApplicationFilterChain.doFilter(ApplicationFilterChain.java:166)
		at org.apache.tomcat.websocket.server.WsFilter.doFilter(WsFilter.java:53)
		at org.apache.catalina.core.ApplicationFilterChain.internalDoFilter(ApplicationFilterChain.java:193)
		at org.apache.catalina.core.ApplicationFilterChain.doFilter(ApplicationFilterChain.java:166)
		at org.apache.catalina.core.StandardWrapperValve.invoke(StandardWrapperValve.java:202)
		at org.apache.catalina.core.StandardContextValve.invoke(StandardContextValve.java:96)
		at org.apache.catalina.authenticator.AuthenticatorBase.invoke(AuthenticatorBase.java:526)
		at org.apache.catalina.core.StandardHostValve.invoke(StandardHostValve.java:139)
		at org.apache.catalina.valves.ErrorReportValve.invoke(ErrorReportValve.java:92)
		at org.apache.catalina.valves.AbstractAccessLogValve.invoke(AbstractAccessLogValve.java:678)
		at org.apache.catalina.core.StandardEngineValve.invoke(StandardEngineValve.java:74)
		at org.apache.catalina.connector.CoyoteAdapter.service(CoyoteAdapter.java:343)
		at org.apache.coyote.http11.Http11Processor.service(Http11Processor.java:408)
		at org.apache.coyote.AbstractProcessorLight.process(AbstractProcessorLight.java:66)
		at org.apache.coyote.AbstractProtocol$ConnectionHandler.process(AbstractProtocol.java:861)
		at org.apache.tomcat.util.net.NioEndpoint$SocketProcessor.doRun(NioEndpoint.java:1579)
		at org.apache.tomcat.util.net.SocketProcessorBase.run(SocketProcessorBase.java:49)
		at java.util.concurrent.ThreadPoolExecutor.runWorker(Unknown Source)
		at java.util.concurrent.ThreadPoolExecutor$Worker.run(Unknown Source)
		at org.apache.tomcat.util.threads.TaskThread$WrappingRunnable.run(TaskThread.java:61)
		at java.lang.Thread.run(Unknown Source)
17-Nov-2019 23:48:51.867 INFO [main] org.apache.catalina.core.ApplicationContext.log SessionListener: contextDestroyed()
17-Nov-2019 23:48:51.867 INFO [main] org.apache.catalina.core.ApplicationContext.log ContextListener: contextDestroyed()
17-Nov-2019 23:49:15.639 INFO [main] org.apache.catalina.core.ApplicationContext.log ContextListener: contextInitialized()
17-Nov-2019 23:49:15.639 INFO [main] org.apache.catalina.core.ApplicationContext.log SessionListener: contextInitialized()
17-Nov-2019 23:49:15.642 INFO [main] org.apache.catalina.core.ApplicationContext.log ContextListener: attributeAdded('StockTicker', 'async.Stockticker@313b2ea6')
17-Nov-2019 23:49:27.854 SEVERE [http-nio-8080-exec-4] org.apache.catalina.core.StandardWrapperValve.invoke Servlet.service() for servlet [jsp] in context with path [/project] threw exception [Unable to compile class for JSP: 

An error occurred at line: [52] in the jsp file: [/checkRegistration.jsp]
The method print(String) is undefined for the type checkRegistration_jsp
49:     {
50:         if(e instanceof java.sql.SQLIntegrityConstraintViolationException)
51:         {
52:             print("That username is taken. Go back and try again.");
53:         }
54:         else{
55:         out.print("<p>Server Connection Error.</p>");


Stacktrace:] with root cause
	org.apache.jasper.JasperException: Unable to compile class for JSP: 

An error occurred at line: [52] in the jsp file: [/checkRegistration.jsp]
The method print(String) is undefined for the type checkRegistration_jsp
49:     {
50:         if(e instanceof java.sql.SQLIntegrityConstraintViolationException)
51:         {
52:             print("That username is taken. Go back and try again.");
53:         }
54:         else{
55:         out.print("<p>Server Connection Error.</p>");


Stacktrace:
		at org.apache.jasper.compiler.DefaultErrorHandler.javacError(DefaultErrorHandler.java:103)
		at org.apache.jasper.compiler.ErrorDispatcher.javacError(ErrorDispatcher.java:213)
		at org.apache.jasper.compiler.JDTCompiler.generateClass(JDTCompiler.java:519)
		at org.apache.jasper.compiler.Compiler.compile(Compiler.java:392)
		at org.apache.jasper.compiler.Compiler.compile(Compiler.java:362)
		at org.apache.jasper.compiler.Compiler.compile(Compiler.java:346)
		at org.apache.jasper.JspCompilationContext.compile(JspCompilationContext.java:603)
		at org.apache.jasper.servlet.JspServletWrapper.service(JspServletWrapper.java:399)
		at org.apache.jasper.servlet.JspServlet.serviceJspFile(JspServlet.java:385)
		at org.apache.jasper.servlet.JspServlet.service(JspServlet.java:329)
		at javax.servlet.http.HttpServlet.service(HttpServlet.java:741)
		at org.apache.catalina.core.ApplicationFilterChain.internalDoFilter(ApplicationFilterChain.java:231)
		at org.apache.catalina.core.ApplicationFilterChain.doFilter(ApplicationFilterChain.java:166)
		at org.apache.tomcat.websocket.server.WsFilter.doFilter(WsFilter.java:53)
		at org.apache.catalina.core.ApplicationFilterChain.internalDoFilter(ApplicationFilterChain.java:193)
		at org.apache.catalina.core.ApplicationFilterChain.doFilter(ApplicationFilterChain.java:166)
		at org.apache.catalina.core.StandardWrapperValve.invoke(StandardWrapperValve.java:202)
		at org.apache.catalina.core.StandardContextValve.invoke(StandardContextValve.java:96)
		at org.apache.catalina.authenticator.AuthenticatorBase.invoke(AuthenticatorBase.java:526)
		at org.apache.catalina.core.StandardHostValve.invoke(StandardHostValve.java:139)
		at org.apache.catalina.valves.ErrorReportValve.invoke(ErrorReportValve.java:92)
		at org.apache.catalina.valves.AbstractAccessLogValve.invoke(AbstractAccessLogValve.java:678)
		at org.apache.catalina.core.StandardEngineValve.invoke(StandardEngineValve.java:74)
		at org.apache.catalina.connector.CoyoteAdapter.service(CoyoteAdapter.java:343)
		at org.apache.coyote.http11.Http11Processor.service(Http11Processor.java:408)
		at org.apache.coyote.AbstractProcessorLight.process(AbstractProcessorLight.java:66)
		at org.apache.coyote.AbstractProtocol$ConnectionHandler.process(AbstractProtocol.java:861)
		at org.apache.tomcat.util.net.NioEndpoint$SocketProcessor.doRun(NioEndpoint.java:1579)
		at org.apache.tomcat.util.net.SocketProcessorBase.run(SocketProcessorBase.java:49)
		at java.util.concurrent.ThreadPoolExecutor.runWorker(Unknown Source)
		at java.util.concurrent.ThreadPoolExecutor$Worker.run(Unknown Source)
		at org.apache.tomcat.util.threads.TaskThread$WrappingRunnable.run(TaskThread.java:61)
		at java.lang.Thread.run(Unknown Source)
17-Nov-2019 23:49:47.588 INFO [main] org.apache.catalina.core.ApplicationContext.log SessionListener: contextDestroyed()
17-Nov-2019 23:49:47.588 INFO [main] org.apache.catalina.core.ApplicationContext.log ContextListener: contextDestroyed()
17-Nov-2019 23:50:11.270 INFO [main] org.apache.catalina.core.ApplicationContext.log ContextListener: contextInitialized()
17-Nov-2019 23:50:11.270 INFO [main] org.apache.catalina.core.ApplicationContext.log SessionListener: contextInitialized()
17-Nov-2019 23:50:11.274 INFO [main] org.apache.catalina.core.ApplicationContext.log ContextListener: attributeAdded('StockTicker', 'async.Stockticker@313b2ea6')
17-Nov-2019 23:51:10.107 INFO [main] org.apache.catalina.core.ApplicationContext.log SessionListener: contextDestroyed()
17-Nov-2019 23:51:10.108 INFO [main] org.apache.catalina.core.ApplicationContext.log ContextListener: contextDestroyed()
