11-Dec-2019 00:08:13.687 INFO [main] org.apache.catalina.core.ApplicationContext.log SessionListener: contextDestroyed()
11-Dec-2019 00:08:13.687 INFO [main] org.apache.catalina.core.ApplicationContext.log ContextListener: contextDestroyed()
11-Dec-2019 00:08:43.207 INFO [main] org.apache.catalina.core.ApplicationContext.log ContextListener: contextInitialized()
11-Dec-2019 00:08:43.207 INFO [main] org.apache.catalina.core.ApplicationContext.log SessionListener: contextInitialized()
11-Dec-2019 00:08:43.210 INFO [main] org.apache.catalina.core.ApplicationContext.log ContextListener: attributeAdded('StockTicker', 'async.Stockticker@41c2284a')
11-Dec-2019 00:11:52.580 INFO [main] org.apache.catalina.core.ApplicationContext.log SessionListener: contextDestroyed()
11-Dec-2019 00:11:52.580 INFO [main] org.apache.catalina.core.ApplicationContext.log ContextListener: contextDestroyed()
11-Dec-2019 00:12:02.165 INFO [main] org.apache.catalina.core.ApplicationContext.log ContextListener: contextInitialized()
11-Dec-2019 00:12:02.165 INFO [main] org.apache.catalina.core.ApplicationContext.log SessionListener: contextInitialized()
11-Dec-2019 00:12:02.167 INFO [main] org.apache.catalina.core.ApplicationContext.log ContextListener: attributeAdded('StockTicker', 'async.Stockticker@41c2284a')
11-Dec-2019 00:12:25.448 SEVERE [http-nio-8080-exec-3] org.apache.catalina.core.StandardWrapperValve.invoke Servlet.service() for servlet [jsp] in context with path [/project] threw exception [Unable to compile class for JSP: 

An error occurred at line: [17] in the jsp file: [/adminFunctionality/reservationListUN_B.jsp]
String literal is not properly closed by a double-quote
14:             Statement statement = conn.createStatement();
15:             String newValue = request.getParameter("username");
16:             
17:             String q = "SELECT t4.ticketNumber, t4.airlineID, t4.flightNumber, b.time, b.date, t4.class, t4.seatNumber, t4.meal 
18:             FROM TicketFor t4, Buy b
19:             WHERE t4.ticketNumber=b.ticketNumber
20:             AND buy.username = newValue";


An error occurred at line: [17] in the jsp file: [/adminFunctionality/reservationListUN_B.jsp]
String literal is not properly closed by a double-quote
14:             Statement statement = conn.createStatement();
15:             String newValue = request.getParameter("username");
16:             
17:             String q = "SELECT t4.ticketNumber, t4.airlineID, t4.flightNumber, b.time, b.date, t4.class, t4.seatNumber, t4.meal 
18:             FROM TicketFor t4, Buy b
19:             WHERE t4.ticketNumber=b.ticketNumber
20:             AND buy.username = newValue";


An error occurred at line: [231] in the generated java file: [C:\Users\sunny\Documents\RU_2019-20\Databases\project\CS336Proj\apache-tomcat-9.0.27\work\Catalina\localhost\project\org\apache\jsp\adminFunctionality\reservationListUN_005fB_jsp.java]
Syntax error, insert "}" to complete ClassBody

Stacktrace:] with root cause
	org.apache.jasper.JasperException: Unable to compile class for JSP: 

An error occurred at line: [17] in the jsp file: [/adminFunctionality/reservationListUN_B.jsp]
String literal is not properly closed by a double-quote
14:             Statement statement = conn.createStatement();
15:             String newValue = request.getParameter("username");
16:             
17:             String q = "SELECT t4.ticketNumber, t4.airlineID, t4.flightNumber, b.time, b.date, t4.class, t4.seatNumber, t4.meal 
18:             FROM TicketFor t4, Buy b
19:             WHERE t4.ticketNumber=b.ticketNumber
20:             AND buy.username = newValue";


An error occurred at line: [17] in the jsp file: [/adminFunctionality/reservationListUN_B.jsp]
String literal is not properly closed by a double-quote
14:             Statement statement = conn.createStatement();
15:             String newValue = request.getParameter("username");
16:             
17:             String q = "SELECT t4.ticketNumber, t4.airlineID, t4.flightNumber, b.time, b.date, t4.class, t4.seatNumber, t4.meal 
18:             FROM TicketFor t4, Buy b
19:             WHERE t4.ticketNumber=b.ticketNumber
20:             AND buy.username = newValue";


An error occurred at line: [231] in the generated java file: [C:\Users\sunny\Documents\RU_2019-20\Databases\project\CS336Proj\apache-tomcat-9.0.27\work\Catalina\localhost\project\org\apache\jsp\adminFunctionality\reservationListUN_005fB_jsp.java]
Syntax error, insert "}" to complete ClassBody

Stacktrace:
		at org.apache.jasper.compiler.DefaultErrorHandler.javacError(DefaultErrorHandler.java:103)
		at org.apache.jasper.compiler.ErrorDispatcher.javacError(ErrorDispatcher.java:213)
		at org.apache.jasper.compiler.JDTCompiler.generateClass(JDTCompiler.java:519)
		at org.apache.jasper.compiler.Compiler.compile(Compiler.java:392)
		at org.apache.jasper.compiler.Compiler.compile(Compiler.java:362)
		at org.apache.jasper.compiler.Compiler.compile(Compiler.java:346)
		at org.apache.jasper.JspCompilationContext.compile(JspCompilationContext.java:603)
		at org.apache.jasper.servlet.JspServletWrapper.service(JspServletWrapper.java:399)
		at org.apache.jasper.servlet.JspServlet.serviceJspFile(JspServlet.java:385)
		at org.apache.jasper.servlet.JspServlet.service(JspServlet.java:329)
		at javax.servlet.http.HttpServlet.service(HttpServlet.java:741)
		at org.apache.catalina.core.ApplicationFilterChain.internalDoFilter(ApplicationFilterChain.java:231)
		at org.apache.catalina.core.ApplicationFilterChain.doFilter(ApplicationFilterChain.java:166)
		at org.apache.tomcat.websocket.server.WsFilter.doFilter(WsFilter.java:53)
		at org.apache.catalina.core.ApplicationFilterChain.internalDoFilter(ApplicationFilterChain.java:193)
		at org.apache.catalina.core.ApplicationFilterChain.doFilter(ApplicationFilterChain.java:166)
		at org.apache.catalina.core.StandardWrapperValve.invoke(StandardWrapperValve.java:202)
		at org.apache.catalina.core.StandardContextValve.invoke(StandardContextValve.java:96)
		at org.apache.catalina.authenticator.AuthenticatorBase.invoke(AuthenticatorBase.java:526)
		at org.apache.catalina.core.StandardHostValve.invoke(StandardHostValve.java:139)
		at org.apache.catalina.valves.ErrorReportValve.invoke(ErrorReportValve.java:92)
		at org.apache.catalina.valves.AbstractAccessLogValve.invoke(AbstractAccessLogValve.java:678)
		at org.apache.catalina.core.StandardEngineValve.invoke(StandardEngineValve.java:74)
		at org.apache.catalina.connector.CoyoteAdapter.service(CoyoteAdapter.java:343)
		at org.apache.coyote.http11.Http11Processor.service(Http11Processor.java:408)
		at org.apache.coyote.AbstractProcessorLight.process(AbstractProcessorLight.java:66)
		at org.apache.coyote.AbstractProtocol$ConnectionHandler.process(AbstractProtocol.java:861)
		at org.apache.tomcat.util.net.NioEndpoint$SocketProcessor.doRun(NioEndpoint.java:1579)
		at org.apache.tomcat.util.net.SocketProcessorBase.run(SocketProcessorBase.java:49)
		at java.util.concurrent.ThreadPoolExecutor.runWorker(Unknown Source)
		at java.util.concurrent.ThreadPoolExecutor$Worker.run(Unknown Source)
		at org.apache.tomcat.util.threads.TaskThread$WrappingRunnable.run(TaskThread.java:61)
		at java.lang.Thread.run(Unknown Source)
11-Dec-2019 00:13:20.165 INFO [main] org.apache.catalina.core.ApplicationContext.log SessionListener: contextDestroyed()
11-Dec-2019 00:13:20.165 INFO [main] org.apache.catalina.core.ApplicationContext.log ContextListener: contextDestroyed()
